#
# A fatal error has been detected by the Java Runtime Environment:
#
#  SIGSEGV (0xb) at pc=0x00007fb5c1561665, pid=4667, tid=4765
#
# JRE version: OpenJDK Runtime Environment (11.0.2+9) (build 11.0.2+9)
# Java VM: OpenJDK 64-Bit Server VM (11.0.2+9, mixed mode, tiered, compressed oops, g1 gc, linux-amd64)
# Problematic frame:
# J 3157 c1 java.lang.ThreadLocal$ThreadLocalMap.getEntryAfterMiss(Ljava/lang/ThreadLocal;ILjava/lang/ThreadLocal$ThreadLocalMap$Entry;)Ljava/lang/ThreadLocal$ThreadLocalMap$Entry; java.base@11.0.2 (63 bytes) @ 0x00007fb5c1561665 [0x00007fb5c15615e0+0x0000000000000085]
#
# Core dump will be written. Default location: Core dumps may be processed with "/usr/libexec/abrt-hook-ccpp %s %c %p %u %g %t e %P %I" (or dumping to /home/b2017/b2170750/webシステムプログラミング/wsp-spring/core.4667)
#
# If you would like to submit a bug report, please visit:
#   https://github.com/AdoptOpenJDK/openjdk-build/issues
#

---------------  S U M M A R Y ------------

Command Line: -XX:TieredStopAtLevel=1 -Xverify:none -Dspring.output.ansi.enabled=always -Dcom.sun.management.jmxremote -Dspring.liveBeansView.mbeanDomain -Dspring.application.admin.enabled=true -javaagent:/usr/local/idea-IU-183.5429.30/lib/idea_rt.jar=35234:/usr/local/idea-IU-183.5429.30/bin -Dfile.encoding=UTF-8 com.example.wsp.spring.WspSpringApplication

Host: Intel(R) Core(TM) i5-7500T CPU @ 2.70GHz, 4 cores, 15G, CentOS Linux release 7.3.1611 (Core) 
Time: Tue Nov 12 11:48:33 2019 JST elapsed time: 794 seconds (0d 0h 13m 14s)

---------------  T H R E A D  ---------------

Current thread (0x00007fb5d8e60800):  JavaThread "http-nio-8080-exec-9" daemon [_thread_in_Java, id=4765, stack(0x00007fb56d0db000,0x00007fb56d1dc000)]

Stack: [0x00007fb56d0db000,0x00007fb56d1dc000],  sp=0x00007fb56d1da780,  free space=1021k
Native frames: (J=compiled Java code, A=aot compiled Java code, j=interpreted, Vv=VM code, C=native code)
J 3157 c1 java.lang.ThreadLocal$ThreadLocalMap.getEntryAfterMiss(Ljava/lang/ThreadLocal;ILjava/lang/ThreadLocal$ThreadLocalMap$Entry;)Ljava/lang/ThreadLocal$ThreadLocalMap$Entry; java.base@11.0.2 (63 bytes) @ 0x00007fb5c1561665 [0x00007fb5c15615e0+0x0000000000000085]
J 240 c1 java.lang.ThreadLocal$ThreadLocalMap.getEntry(Ljava/lang/ThreadLocal;)Ljava/lang/ThreadLocal$ThreadLocalMap$Entry; java.base@11.0.2 (42 bytes) @ 0x00007fb5c107054c [0x00007fb5c10704c0+0x000000000000008c]
j  java.lang.ThreadLocal.isPresent()Z+16 java.base@11.0.2
j  java.lang.Thread.exit()V+10 java.base@11.0.2
v  ~StubRoutines::call_stub
V  [libjvm.so+0x8793d9]  JavaCalls::call_helper(JavaValue*, methodHandle const&, JavaCallArguments*, Thread*)+0x3b9
V  [libjvm.so+0x87738d]  JavaCalls::call_virtual(JavaValue*, Handle, Klass*, Symbol*, Symbol*, Thread*)+0x1ed
V  [libjvm.so+0xdb41ee]  JavaThread::exit(bool, JavaThread::ExitType)+0x49e
V  [libjvm.so+0xdb4d97]  JavaThread::thread_main_inner()+0x27
V  [libjvm.so+0xdb5155]  JavaThread::run()+0x2b5
V  [libjvm.so+0xbf9a20]  thread_native_entry(Thread*)+0xf0


siginfo: si_signo: 11 (SIGSEGV), si_code: 1 (SEGV_MAPERR), si_addr: 0x000000060a40f110

Register to memory mapping:

RAX=0x000000060a40f108 is an unknown value
RBX=0x0000000000000010 is an unknown value
RCX=0x0000000000000008 is an unknown value
RDX=0x000000070a40f108 is an oop: jdk.internal.misc.TerminatingThreadLocal$1 
{0x000000070a40f108} - klass: 'jdk/internal/misc/TerminatingThreadLocal$1'
RSP=0x00007fb56d1da780 is pointing into the stack for thread: 0x00007fb5d8e60800
RBP=0x00007fb56d1da898 is pointing into the stack for thread: 0x00007fb5d8e60800
RSI=0x000000071a14bda0 is an oop: java.lang.ThreadLocal$ThreadLocalMap 
{0x000000071a14bda0} - klass: 'java/lang/ThreadLocal$ThreadLocalMap'
RDI=0x000000071a14bdb8 is an oop: [Ljava.lang.ThreadLocal$ThreadLocalMap$Entry; 
{0x000000071a14bdb8} - klass: 'java/lang/ThreadLocal$ThreadLocalMap$Entry'[]
 - length: 16
R8 =0x000000071a14cf30 is an oop: java.lang.ThreadLocal$ThreadLocalMap$Entry 
{0x000000071a14cf30} - klass: 'java/lang/ThreadLocal$ThreadLocalMap$Entry'
R9 =0x0 is NULL
R10=0x00007fb5df89bb00: <offset 0x000000000140bb00> in /usr/java/jdk-11.0.2+9/lib/server/libjvm.so at 0x00007fb5de490000
R11=0x00007fb5c10704e0 is at entry_point+32 in (nmethod*)0x00007fb5c1070310
R12=0x0 is NULL
R13=0x000000080001ea40 is a pointer to class: 
java.lang.ThreadLocal {0x000000080001ea40}
R14=0x0 is NULL
R15=0x00007fb5d8e60800 is a thread


Registers:
RAX=0x000000060a40f108, RBX=0x0000000000000010, RCX=0x0000000000000008, RDX=0x000000070a40f108
RSP=0x00007fb56d1da780, RBP=0x00007fb56d1da898, RSI=0x000000071a14bda0, RDI=0x000000071a14bdb8
R8 =0x000000071a14cf30, R9 =0x0000000000000000, R10=0x00007fb5df89bb00, R11=0x00007fb5c10704e0
R12=0x0000000000000000, R13=0x000000080001ea40, R14=0x0000000000000000, R15=0x00007fb5d8e60800
RIP=0x00007fb5c1561665, EFLAGS=0x0000000000010202, CSGSFS=0x0000000000000033, ERR=0x0000000000000004
  TRAPNO=0x000000000000000e

Top of Stack: (sp=0x00007fb56d1da780)
0x00007fb56d1da780:   00007fb5d8e60800 00007fb5d8e60b40
0x00007fb56d1da790:   00007fb56d1da850 00007fb56d1da9d0
0x00007fb56d1da7a0:   00007fb56d1da7e0 00007fb5dedb12bd
0x00007fb56d1da7b0:   0000001000000000 000000071a14bdb8 

Instructions: (pc=0x00007fb5c1561665)
0x00007fb5c1561645:   4f 30 41 83 f9 00 0f 85 ec 00 00 00 48 83 f8 00
0x00007fb5c1561655:   0f 84 2d 00 00 00 49 bd 40 ea 01 00 08 00 00 00
0x00007fb5c1561665:   44 8b 58 08 49 bc 00 00 00 00 08 00 00 00 4d 03
0x00007fb5c1561675:   dc 4d 33 e4 4d 3b 6b 38 0f 85 d2 00 00 00 e9 00 

Stack slot to memory mapping:
stack at sp + 0 slots: 0x00007fb5d8e60800 is a thread
stack at sp + 1 slots: 0x00007fb5d8e60b40 points into unknown readable memory: 60 5f 82 df b5 7f 00 00
stack at sp + 2 slots: 0x00007fb56d1da850 is pointing into the stack for thread: 0x00007fb5d8e60800
stack at sp + 3 slots: 0x00007fb56d1da9d0 is pointing into the stack for thread: 0x00007fb5d8e60800
stack at sp + 4 slots: 0x00007fb56d1da7e0 is pointing into the stack for thread: 0x00007fb5d8e60800
stack at sp + 5 slots: 0x00007fb5dedb12bd: JVM_CurrentThread+0x000000000000009d in /usr/java/jdk-11.0.2+9/lib/server/libjvm.so at 0x00007fb5de490000
stack at sp + 6 slots: 0x0000001000000000 is an unknown value
stack at sp + 7 slots: 0x000000071a14bdb8 is an oop: [Ljava.lang.ThreadLocal$ThreadLocalMap$Entry; 
{0x000000071a14bdb8} - klass: 'java/lang/ThreadLocal$ThreadLocalMap$Entry'[]
 - length: 16



---------------  P R O C E S S  ---------------

Threads class SMR info:
_java_thread_list=0x00007fb5340036c0, length=25, elements={
0x00007fb5d8257800, 0x00007fb5d825c000, 0x00007fb5d826c000, 0x00007fb5d826e000,
0x00007fb5d8270000, 0x00007fb5d8326800, 0x00007fb5d8596800, 0x00007fb5d859f800,
0x00007fb5d867a800, 0x00007fb588001000, 0x00007fb5502ba000, 0x00007fb5d8d63800,
0x00007fb540005000, 0x00007fb5d8d66000, 0x00007fb5d8e4f000, 0x00007fb5d8e5a000,
0x00007fb5d8e5c000, 0x00007fb5d8e60800, 0x00007fb5d8e6d800, 0x00007fb5d8013800,
0x00007fb52c089800, 0x00007fb52c0f5800, 0x00007fb588003800, 0x00007fb59800b000,
0x00007fb59800c000
}

Java Threads: ( => current thread )
  0x00007fb5d8257800 JavaThread "Reference Handler" daemon [_thread_blocked, id=4680, stack(0x00007fb5b0e6b000,0x00007fb5b0f6c000)]
  0x00007fb5d825c000 JavaThread "Finalizer" daemon [_thread_blocked, id=4681, stack(0x00007fb5b0d6a000,0x00007fb5b0e6b000)]
  0x00007fb5d826c000 JavaThread "Signal Dispatcher" daemon [_thread_blocked, id=4684, stack(0x00007fb5b0c69000,0x00007fb5b0d6a000)]
  0x00007fb5d826e000 JavaThread "C1 CompilerThread0" daemon [_thread_blocked, id=4686, stack(0x00007fb5b0b68000,0x00007fb5b0c69000)]
  0x00007fb5d8270000 JavaThread "Sweeper thread" daemon [_thread_blocked, id=4687, stack(0x00007fb5b0a67000,0x00007fb5b0b68000)]
  0x00007fb5d8326800 JavaThread "Common-Cleaner" daemon [_thread_blocked, id=4706, stack(0x00007fb5b0865000,0x00007fb5b0966000)]
  0x00007fb5d8596800 JavaThread "Monitor Ctrl-Break" daemon [_thread_in_native, id=4714, stack(0x00007fb5b023a000,0x00007fb5b033b000)]
  0x00007fb5d859f800 JavaThread "Service Thread" daemon [_thread_blocked, id=4716, stack(0x00007fb5b0139000,0x00007fb5b023a000)]
  0x00007fb5d867a800 JavaThread "RMI TCP Accept-0" daemon [_thread_in_native, id=4721, stack(0x00007fb5b0038000,0x00007fb5b0139000)]
  0x00007fb588001000 JavaThread "Attach Listener" daemon [_thread_blocked, id=4744, stack(0x00007fb56e8e9000,0x00007fb56e9ea000)]
  0x00007fb5502ba000 JavaThread "RMI Scheduler(0)" daemon [_thread_blocked, id=4747, stack(0x00007fb56e5e8000,0x00007fb56e6e9000)]
  0x00007fb5d8d63800 JavaThread "Catalina-utility-1" [_thread_blocked, id=4751, stack(0x00007fb56e4e7000,0x00007fb56e5e8000)]
  0x00007fb540005000 JavaThread "Catalina-utility-2" [_thread_blocked, id=4752, stack(0x00007fb56dde6000,0x00007fb56dee7000)]
  0x00007fb5d8d66000 JavaThread "container-0" [_thread_blocked, id=4753, stack(0x00007fb56dce5000,0x00007fb56dde6000)]
  0x00007fb5d8e4f000 JavaThread "http-nio-8080-BlockPoller" daemon [_thread_in_native, id=4756, stack(0x00007fb56dbe4000,0x00007fb56dce5000)]
  0x00007fb5d8e5a000 JavaThread "http-nio-8080-exec-6" daemon [_thread_in_vm, id=4762, stack(0x00007fb56d3de000,0x00007fb56d4df000)]
  0x00007fb5d8e5c000 JavaThread "http-nio-8080-exec-7" daemon [_thread_blocked, id=4763, stack(0x00007fb56d2dd000,0x00007fb56d3de000)]
=>0x00007fb5d8e60800 JavaThread "http-nio-8080-exec-9" daemon [_thread_in_Java, id=4765, stack(0x00007fb56d0db000,0x00007fb56d1dc000)]
  0x00007fb5d8e6d800 JavaThread "http-nio-8080-Acceptor" daemon [_thread_blocked, id=4768, stack(0x00007fb56cdd8000,0x00007fb56ced9000)]
  0x00007fb5d8013800 JavaThread "DestroyJavaVM" [_thread_blocked, id=4668, stack(0x00007fb5e05b9000,0x00007fb5e06ba000)]
  0x00007fb52c089800 JavaThread "H2 File Lock Watchdog /home/b2017/b2170750/h2db/wsp2019.lock.db" daemon [_thread_blocked, id=4835, stack(0x00007fb5b0966000,0x00007fb5b0a67000)]
  0x00007fb52c0f5800 JavaThread "MVStore background writer nio:/home/b2017/b2170750/h2db/wsp2019.mv.db" daemon [_thread_blocked, id=4839, stack(0x00007fb56ccd7000,0x00007fb56cdd8000)]
  0x00007fb588003800 JavaThread "SIGINT handler" daemon [_thread_blocked, id=7435, stack(0x00007fb56f4eb000,0x00007fb56f5ec000)]
  0x00007fb59800b000 JavaThread "Thread-3" daemon [_thread_blocked, id=7437, stack(0x00007fb56cbd6000,0x00007fb56ccd7000)]
  0x00007fb59800c000 JavaThread "Thread-2" [_thread_in_vm, id=7438, stack(0x00007fb56c2d3000,0x00007fb56c3d4000)]

Other Threads:
  0x00007fb5d824f800 VMThread "VM Thread" [stack: 0x00007fb5b0f6d000,0x00007fb5b106d000] [id=4677] _threads_hazard_ptr=0x00007fb5340036c0
  0x00007fb5d8681800 WatcherThread [stack: 0x00007fb58c101000,0x00007fb58c201000] [id=4722]
  0x00007fb5d803a800 GCTaskThread "GC Thread#0" [stack: 0x00007fb5dce23000,0x00007fb5dcf23000] [id=4669]
  0x00007fb5a0001000 GCTaskThread "GC Thread#1" [stack: 0x00007fb56faf0000,0x00007fb56fbf0000] [id=4727]
  0x00007fb5a0002800 GCTaskThread "GC Thread#2" [stack: 0x00007fb56f9ef000,0x00007fb56faef000] [id=4728]
  0x00007fb5a0004800 GCTaskThread "GC Thread#3" [stack: 0x00007fb56f8ee000,0x00007fb56f9ee000] [id=4729]
  0x00007fb5d8097000 ConcurrentGCThread "G1 Main Marker" [stack: 0x00007fb5dc170000,0x00007fb5dc270000] [id=4670]
  0x00007fb5d8099000 ConcurrentGCThread "G1 Conc#0" [stack: 0x00007fb5dc06f000,0x00007fb5dc16f000] [id=4672]
  0x00007fb5d8184800 ConcurrentGCThread "G1 Refine#0" [stack: 0x00007fb5b196f000,0x00007fb5b1a6f000] [id=4673]
  0x00007fb5a8001000 ConcurrentGCThread "G1 Refine#1" [stack: 0x00007fb56f7ed000,0x00007fb56f8ed000] [id=4730]
  0x00007fb54c001000 ConcurrentGCThread "G1 Refine#2" [stack: 0x00007fb56efeb000,0x00007fb56f0eb000] [id=4733]
  0x00007fb5d8186800 ConcurrentGCThread "G1 Young RemSet Sampling" [stack: 0x00007fb5b186e000,0x00007fb5b196e000] [id=4674]

Threads with active compile tasks:

VM state:synchronizing (normal execution)

VM Mutex/Monitor currently owned by a thread:  ([mutex/lock_event])
[0x00007fb5d800fc90] Safepoint_lock - owner thread: 0x00007fb5d824f800
[0x00007fb5d800fd20] Threads_lock - owner thread: 0x00007fb5d824f800

Heap address: 0x000000070a400000, size: 3932 MB, Compressed Oops mode: Zero based, Oop shift amount: 3
Narrow klass base: 0x0000000800000000, Narrow klass shift: 0
Compressed class space size: 1073741824 Address: 0x0000000800000000

Heap:
 garbage-first heap   total 303104K, used 102354K [0x000000070a400000, 0x0000000800000000)
  region size 1024K, 96 young (98304K), 10 survivors (10240K)
 Metaspace       used 45283K, capacity 46532K, committed 46896K, reserved 1089536K
  class space    used 5505K, capacity 5993K, committed 6016K, reserved 1048576K
Heap Regions: E=young(eden), S=young(survivor), O=old, HS=humongous(starts), HC=humongous(continues), CS=collection set, F=free, A=archive, TAMS=top-at-mark-start (previous, next)
|   0|0x000000070a400000, 0x000000070a500000, 0x000000070a500000|100%| O|  |TAMS 0x000000070a500000, 0x000000070a400000| Untracked 
|   1|0x000000070a500000, 0x000000070a600000, 0x000000070a600000|100%| O|  |TAMS 0x000000070a600000, 0x000000070a500000| Untracked 
|   2|0x000000070a600000, 0x000000070a700000, 0x000000070a700000|100%| O|  |TAMS 0x000000070a700000, 0x000000070a600000| Untracked 
|   3|0x000000070a700000, 0x000000070a800000, 0x000000070a800000|100%| O|  |TAMS 0x000000070a800000, 0x000000070a700000| Untracked 
|   4|0x000000070a800000, 0x000000070a879600, 0x000000070a900000| 47%| O|  |TAMS 0x000000070a879600, 0x000000070a800000| Untracked 
|   5|0x000000070a900000, 0x000000070aa00000, 0x000000070aa00000|100%|HS|  |TAMS 0x000000070a900000, 0x000000070a900000| Complete 
|   6|0x000000070aa00000, 0x000000070ab00000, 0x000000070ab00000|100%|HC|  |TAMS 0x000000070aa00000, 0x000000070aa00000| Complete 
|   7|0x000000070ab00000, 0x000000070ab00000, 0x000000070ac00000|  0%| F|  |TAMS 0x000000070ab00000, 0x000000070ab00000| Untracked 
|   8|0x000000070ac00000, 0x000000070ac00000, 0x000000070ad00000|  0%| F|  |TAMS 0x000000070ac00000, 0x000000070ac00000| Untracked 
|   9|0x000000070ad00000, 0x000000070ad00000, 0x000000070ae00000|  0%| F|  |TAMS 0x000000070ad00000, 0x000000070ad00000| Untracked 
|  10|0x000000070ae00000, 0x000000070ae00000, 0x000000070af00000|  0%| F|  |TAMS 0x000000070ae00000, 0x000000070ae00000| Untracked 
|  11|0x000000070af00000, 0x000000070af00000, 0x000000070b000000|  0%| F|  |TAMS 0x000000070af00000, 0x000000070af00000| Untracked 
|  12|0x000000070b000000, 0x000000070b000000, 0x000000070b100000|  0%| F|  |TAMS 0x000000070b000000, 0x000000070b000000| Untracked 
|  13|0x000000070b100000, 0x000000070b100000, 0x000000070b200000|  0%| F|  |TAMS 0x000000070b100000, 0x000000070b100000| Untracked 
|  14|0x000000070b200000, 0x000000070b200000, 0x000000070b300000|  0%| F|  |TAMS 0x000000070b200000, 0x000000070b200000| Untracked 
|  15|0x000000070b300000, 0x000000070b300000, 0x000000070b400000|  0%| F|  |TAMS 0x000000070b300000, 0x000000070b300000| Untracked 
|  16|0x000000070b400000, 0x000000070b400000, 0x000000070b500000|  0%| F|  |TAMS 0x000000070b400000, 0x000000070b400000| Untracked 
|  17|0x000000070b500000, 0x000000070b500000, 0x000000070b600000|  0%| F|  |TAMS 0x000000070b500000, 0x000000070b500000| Untracked 
|  18|0x000000070b600000, 0x000000070b600000, 0x000000070b700000|  0%| F|  |TAMS 0x000000070b600000, 0x000000070b600000| Untracked 
|  19|0x000000070b700000, 0x000000070b700000, 0x000000070b800000|  0%| F|  |TAMS 0x000000070b700000, 0x000000070b700000| Untracked 
|  20|0x000000070b800000, 0x000000070b800000, 0x000000070b900000|  0%| F|  |TAMS 0x000000070b800000, 0x000000070b800000| Untracked 
|  21|0x000000070b900000, 0x000000070b900000, 0x000000070ba00000|  0%| F|  |TAMS 0x000000070b900000, 0x000000070b900000| Untracked 
|  22|0x000000070ba00000, 0x000000070ba00000, 0x000000070bb00000|  0%| F|  |TAMS 0x000000070ba00000, 0x000000070ba00000| Untracked 
|  23|0x000000070bb00000, 0x000000070bb00000, 0x000000070bc00000|  0%| F|  |TAMS 0x000000070bb00000, 0x000000070bb00000| Untracked 
|  24|0x000000070bc00000, 0x000000070bc00000, 0x000000070bd00000|  0%| F|  |TAMS 0x000000070bc00000, 0x000000070bc00000| Untracked 
|  25|0x000000070bd00000, 0x000000070bd00000, 0x000000070be00000|  0%| F|  |TAMS 0x000000070bd00000, 0x000000070bd00000| Untracked 
|  26|0x000000070be00000, 0x000000070be00000, 0x000000070bf00000|  0%| F|  |TAMS 0x000000070be00000, 0x000000070be00000| Untracked 
|  27|0x000000070bf00000, 0x000000070bf00000, 0x000000070c000000|  0%| F|  |TAMS 0x000000070bf00000, 0x000000070bf00000| Untracked 
|  28|0x000000070c000000, 0x000000070c000000, 0x000000070c100000|  0%| F|  |TAMS 0x000000070c000000, 0x000000070c000000| Untracked 
|  29|0x000000070c100000, 0x000000070c100000, 0x000000070c200000|  0%| F|  |TAMS 0x000000070c100000, 0x000000070c100000| Untracked 
|  30|0x000000070c200000, 0x000000070c200000, 0x000000070c300000|  0%| F|  |TAMS 0x000000070c200000, 0x000000070c200000| Untracked 
|  31|0x000000070c300000, 0x000000070c300000, 0x000000070c400000|  0%| F|  |TAMS 0x000000070c300000, 0x000000070c300000| Untracked 
|  32|0x000000070c400000, 0x000000070c400000, 0x000000070c500000|  0%| F|  |TAMS 0x000000070c400000, 0x000000070c400000| Untracked 
|  33|0x000000070c500000, 0x000000070c500000, 0x000000070c600000|  0%| F|  |TAMS 0x000000070c500000, 0x000000070c500000| Untracked 
|  34|0x000000070c600000, 0x000000070c600000, 0x000000070c700000|  0%| F|  |TAMS 0x000000070c600000, 0x000000070c600000| Untracked 
|  35|0x000000070c700000, 0x000000070c700000, 0x000000070c800000|  0%| F|  |TAMS 0x000000070c700000, 0x000000070c700000| Untracked 
|  36|0x000000070c800000, 0x000000070c800000, 0x000000070c900000|  0%| F|  |TAMS 0x000000070c800000, 0x000000070c800000| Untracked 
|  37|0x000000070c900000, 0x000000070c900000, 0x000000070ca00000|  0%| F|  |TAMS 0x000000070c900000, 0x000000070c900000| Untracked 
|  38|0x000000070ca00000, 0x000000070ca00000, 0x000000070cb00000|  0%| F|  |TAMS 0x000000070ca00000, 0x000000070ca00000| Untracked 
|  39|0x000000070cb00000, 0x000000070cb00000, 0x000000070cc00000|  0%| F|  |TAMS 0x000000070cb00000, 0x000000070cb00000| Untracked 
|  40|0x000000070cc00000, 0x000000070cc00000, 0x000000070cd00000|  0%| F|  |TAMS 0x000000070cc00000, 0x000000070cc00000| Untracked 
|  41|0x000000070cd00000, 0x000000070cd00000, 0x000000070ce00000|  0%| F|  |TAMS 0x000000070cd00000, 0x000000070cd00000| Untracked 
|  42|0x000000070ce00000, 0x000000070ce00000, 0x000000070cf00000|  0%| F|  |TAMS 0x000000070ce00000, 0x000000070ce00000| Untracked 
|  43|0x000000070cf00000, 0x000000070cf00000, 0x000000070d000000|  0%| F|  |TAMS 0x000000070cf00000, 0x000000070cf00000| Untracked 
|  44|0x000000070d000000, 0x000000070d000000, 0x000000070d100000|  0%| F|  |TAMS 0x000000070d000000, 0x000000070d000000| Untracked 
|  45|0x000000070d100000, 0x000000070d100000, 0x000000070d200000|  0%| F|  |TAMS 0x000000070d100000, 0x000000070d100000| Untracked 
|  46|0x000000070d200000, 0x000000070d200000, 0x000000070d300000|  0%| F|  |TAMS 0x000000070d200000, 0x000000070d200000| Untracked 
|  47|0x000000070d300000, 0x000000070d300000, 0x000000070d400000|  0%| F|  |TAMS 0x000000070d300000, 0x000000070d300000| Untracked 
|  48|0x000000070d400000, 0x000000070d400000, 0x000000070d500000|  0%| F|  |TAMS 0x000000070d400000, 0x000000070d400000| Untracked 
|  49|0x000000070d500000, 0x000000070d500000, 0x000000070d600000|  0%| F|  |TAMS 0x000000070d500000, 0x000000070d500000| Untracked 
|  50|0x000000070d600000, 0x000000070d600000, 0x000000070d700000|  0%| F|  |TAMS 0x000000070d600000, 0x000000070d600000| Untracked 
|  51|0x000000070d700000, 0x000000070d700000, 0x000000070d800000|  0%| F|  |TAMS 0x000000070d700000, 0x000000070d700000| Untracked 
|  52|0x000000070d800000, 0x000000070d800000, 0x000000070d900000|  0%| F|  |TAMS 0x000000070d800000, 0x000000070d800000| Untracked 
|  53|0x000000070d900000, 0x000000070d900000, 0x000000070da00000|  0%| F|  |TAMS 0x000000070d900000, 0x000000070d900000| Untracked 
|  54|0x000000070da00000, 0x000000070da00000, 0x000000070db00000|  0%| F|  |TAMS 0x000000070da00000, 0x000000070da00000| Untracked 
|  55|0x000000070db00000, 0x000000070db00000, 0x000000070dc00000|  0%| F|  |TAMS 0x000000070db00000, 0x000000070db00000| Untracked 
|  56|0x000000070dc00000, 0x000000070dc00000, 0x000000070dd00000|  0%| F|  |TAMS 0x000000070dc00000, 0x000000070dc00000| Untracked 
|  57|0x000000070dd00000, 0x000000070dd00000, 0x000000070de00000|  0%| F|  |TAMS 0x000000070dd00000, 0x000000070dd00000| Untracked 
|  58|0x000000070de00000, 0x000000070de00000, 0x000000070df00000|  0%| F|  |TAMS 0x000000070de00000, 0x000000070de00000| Untracked 
|  59|0x000000070df00000, 0x000000070df00000, 0x000000070e000000|  0%| F|  |TAMS 0x000000070df00000, 0x000000070df00000| Untracked 
|  60|0x000000070e000000, 0x000000070e000000, 0x000000070e100000|  0%| F|  |TAMS 0x000000070e000000, 0x000000070e000000| Untracked 
|  61|0x000000070e100000, 0x000000070e100000, 0x000000070e200000|  0%| F|  |TAMS 0x000000070e100000, 0x000000070e100000| Untracked 
|  62|0x000000070e200000, 0x000000070e200000, 0x000000070e300000|  0%| F|  |TAMS 0x000000070e200000, 0x000000070e200000| Untracked 
|  63|0x000000070e300000, 0x000000070e300000, 0x000000070e400000|  0%| F|  |TAMS 0x000000070e300000, 0x000000070e300000| Untracked 
|  64|0x000000070e400000, 0x000000070e400000, 0x000000070e500000|  0%| F|  |TAMS 0x000000070e400000, 0x000000070e400000| Untracked 
|  65|0x000000070e500000, 0x000000070e500000, 0x000000070e600000|  0%| F|  |TAMS 0x000000070e500000, 0x000000070e500000| Untracked 
|  66|0x000000070e600000, 0x000000070e600000, 0x000000070e700000|  0%| F|  |TAMS 0x000000070e600000, 0x000000070e600000| Untracked 
|  67|0x000000070e700000, 0x000000070e700000, 0x000000070e800000|  0%| F|  |TAMS 0x000000070e700000, 0x000000070e700000| Untracked 
|  68|0x000000070e800000, 0x000000070e800000, 0x000000070e900000|  0%| F|  |TAMS 0x000000070e800000, 0x000000070e800000| Untracked 
|  69|0x000000070e900000, 0x000000070e900000, 0x000000070ea00000|  0%| F|  |TAMS 0x000000070e900000, 0x000000070e900000| Untracked 
|  70|0x000000070ea00000, 0x000000070ea00000, 0x000000070eb00000|  0%| F|  |TAMS 0x000000070ea00000, 0x000000070ea00000| Untracked 
|  71|0x000000070eb00000, 0x000000070eb00000, 0x000000070ec00000|  0%| F|  |TAMS 0x000000070eb00000, 0x000000070eb00000| Untracked 
|  72|0x000000070ec00000, 0x000000070ec00000, 0x000000070ed00000|  0%| F|  |TAMS 0x000000070ec00000, 0x000000070ec00000| Untracked 
|  73|0x000000070ed00000, 0x000000070ed00000, 0x000000070ee00000|  0%| F|  |TAMS 0x000000070ed00000, 0x000000070ed00000| Untracked 
|  74|0x000000070ee00000, 0x000000070ee00000, 0x000000070ef00000|  0%| F|  |TAMS 0x000000070ee00000, 0x000000070ee00000| Untracked 
|  75|0x000000070ef00000, 0x000000070ef00000, 0x000000070f000000|  0%| F|  |TAMS 0x000000070ef00000, 0x000000070ef00000| Untracked 
|  76|0x000000070f000000, 0x000000070f000000, 0x000000070f100000|  0%| F|  |TAMS 0x000000070f000000, 0x000000070f000000| Untracked 
|  77|0x000000070f100000, 0x000000070f100000, 0x000000070f200000|  0%| F|  |TAMS 0x000000070f100000, 0x000000070f100000| Untracked 
|  78|0x000000070f200000, 0x000000070f200000, 0x000000070f300000|  0%| F|  |TAMS 0x000000070f200000, 0x000000070f200000| Untracked 
|  79|0x000000070f300000, 0x000000070f300000, 0x000000070f400000|  0%| F|  |TAMS 0x000000070f300000, 0x000000070f300000| Untracked 
|  80|0x000000070f400000, 0x000000070f400000, 0x000000070f500000|  0%| F|  |TAMS 0x000000070f400000, 0x000000070f400000| Untracked 
|  81|0x000000070f500000, 0x000000070f500000, 0x000000070f600000|  0%| F|  |TAMS 0x000000070f500000, 0x000000070f500000| Untracked 
|  82|0x000000070f600000, 0x000000070f600000, 0x000000070f700000|  0%| F|  |TAMS 0x000000070f600000, 0x000000070f600000| Untracked 
|  83|0x000000070f700000, 0x000000070f700000, 0x000000070f800000|  0%| F|  |TAMS 0x000000070f700000, 0x000000070f700000| Untracked 
|  84|0x000000070f800000, 0x000000070f800000, 0x000000070f900000|  0%| F|  |TAMS 0x000000070f800000, 0x000000070f800000| Untracked 
|  85|0x000000070f900000, 0x000000070f900000, 0x000000070fa00000|  0%| F|  |TAMS 0x000000070f900000, 0x000000070f900000| Untracked 
|  86|0x000000070fa00000, 0x000000070fa00000, 0x000000070fb00000|  0%| F|  |TAMS 0x000000070fa00000, 0x000000070fa00000| Untracked 
|  87|0x000000070fb00000, 0x000000070fb00000, 0x000000070fc00000|  0%| F|  |TAMS 0x000000070fb00000, 0x000000070fb00000| Untracked 
|  88|0x000000070fc00000, 0x000000070fc00000, 0x000000070fd00000|  0%| F|  |TAMS 0x000000070fc00000, 0x000000070fc00000| Untracked 
|  89|0x000000070fd00000, 0x000000070fd00000, 0x000000070fe00000|  0%| F|  |TAMS 0x000000070fd00000, 0x000000070fd00000| Untracked 
|  90|0x000000070fe00000, 0x000000070fe00000, 0x000000070ff00000|  0%| F|  |TAMS 0x000000070fe00000, 0x000000070fe00000| Untracked 
|  91|0x000000070ff00000, 0x000000070ff00000, 0x0000000710000000|  0%| F|  |TAMS 0x000000070ff00000, 0x000000070ff00000| Untracked 
|  92|0x0000000710000000, 0x0000000710000000, 0x0000000710100000|  0%| F|  |TAMS 0x0000000710000000, 0x0000000710000000| Untracked 
|  93|0x0000000710100000, 0x0000000710100000, 0x0000000710200000|  0%| F|  |TAMS 0x0000000710100000, 0x0000000710100000| Untracked 
|  94|0x0000000710200000, 0x0000000710200000, 0x0000000710300000|  0%| F|  |TAMS 0x0000000710200000, 0x0000000710200000| Untracked 
|  95|0x0000000710300000, 0x0000000710300000, 0x0000000710400000|  0%| F|  |TAMS 0x0000000710300000, 0x0000000710300000| Untracked 
|  96|0x0000000710400000, 0x0000000710400000, 0x0000000710500000|  0%| F|  |TAMS 0x0000000710400000, 0x0000000710400000| Untracked 
|  97|0x0000000710500000, 0x0000000710500000, 0x0000000710600000|  0%| F|  |TAMS 0x0000000710500000, 0x0000000710500000| Untracked 
|  98|0x0000000710600000, 0x0000000710600000, 0x0000000710700000|  0%| F|  |TAMS 0x0000000710600000, 0x0000000710600000| Untracked 
|  99|0x0000000710700000, 0x0000000710700000, 0x0000000710800000|  0%| F|  |TAMS 0x0000000710700000, 0x0000000710700000| Untracked 
| 100|0x0000000710800000, 0x0000000710800000, 0x0000000710900000|  0%| F|  |TAMS 0x0000000710800000, 0x0000000710800000| Untracked 
| 101|0x0000000710900000, 0x0000000710900000, 0x0000000710a00000|  0%| F|  |TAMS 0x0000000710900000, 0x0000000710900000| Untracked 
| 102|0x0000000710a00000, 0x0000000710a00000, 0x0000000710b00000|  0%| F|  |TAMS 0x0000000710a00000, 0x0000000710a00000| Untracked 
| 103|0x0000000710b00000, 0x0000000710b00000, 0x0000000710c00000|  0%| F|  |TAMS 0x0000000710b00000, 0x0000000710b00000| Untracked 
| 104|0x0000000710c00000, 0x0000000710c00000, 0x0000000710d00000|  0%| F|  |TAMS 0x0000000710c00000, 0x0000000710c00000| Untracked 
| 105|0x0000000710d00000, 0x0000000710d00000, 0x0000000710e00000|  0%| F|  |TAMS 0x0000000710d00000, 0x0000000710d00000| Untracked 
| 106|0x0000000710e00000, 0x0000000710e00000, 0x0000000710f00000|  0%| F|  |TAMS 0x0000000710e00000, 0x0000000710e00000| Untracked 
| 107|0x0000000710f00000, 0x0000000710f00000, 0x0000000711000000|  0%| F|  |TAMS 0x0000000710f00000, 0x0000000710f00000| Untracked 
| 108|0x0000000711000000, 0x0000000711000000, 0x0000000711100000|  0%| F|  |TAMS 0x0000000711000000, 0x0000000711000000| Untracked 
| 109|0x0000000711100000, 0x0000000711100000, 0x0000000711200000|  0%| F|  |TAMS 0x0000000711100000, 0x0000000711100000| Untracked 
| 110|0x0000000711200000, 0x0000000711200000, 0x0000000711300000|  0%| F|  |TAMS 0x0000000711200000, 0x0000000711200000| Untracked 
| 111|0x0000000711300000, 0x0000000711300000, 0x0000000711400000|  0%| F|  |TAMS 0x0000000711300000, 0x0000000711300000| Untracked 
| 112|0x0000000711400000, 0x0000000711400000, 0x0000000711500000|  0%| F|  |TAMS 0x0000000711400000, 0x0000000711400000| Untracked 
| 113|0x0000000711500000, 0x0000000711500000, 0x0000000711600000|  0%| F|  |TAMS 0x0000000711500000, 0x0000000711500000| Untracked 
| 114|0x0000000711600000, 0x0000000711600000, 0x0000000711700000|  0%| F|  |TAMS 0x0000000711600000, 0x0000000711600000| Untracked 
| 115|0x0000000711700000, 0x0000000711700000, 0x0000000711800000|  0%| F|  |TAMS 0x0000000711700000, 0x0000000711700000| Untracked 
| 116|0x0000000711800000, 0x0000000711800000, 0x0000000711900000|  0%| F|  |TAMS 0x0000000711800000, 0x0000000711800000| Untracked 
| 117|0x0000000711900000, 0x0000000711900000, 0x0000000711a00000|  0%| F|  |TAMS 0x0000000711900000, 0x0000000711900000| Untracked 
| 118|0x0000000711a00000, 0x0000000711a00000, 0x0000000711b00000|  0%| F|  |TAMS 0x0000000711a00000, 0x0000000711a00000| Untracked 
| 119|0x0000000711b00000, 0x0000000711b00000, 0x0000000711c00000|  0%| F|  |TAMS 0x0000000711b00000, 0x0000000711b00000| Untracked 
| 120|0x0000000711c00000, 0x0000000711c00000, 0x0000000711d00000|  0%| F|  |TAMS 0x0000000711c00000, 0x0000000711c00000| Untracked 
| 121|0x0000000711d00000, 0x0000000711d00000, 0x0000000711e00000|  0%| F|  |TAMS 0x0000000711d00000, 0x0000000711d00000| Untracked 
| 122|0x0000000711e00000, 0x0000000711e00000, 0x0000000711f00000|  0%| F|  |TAMS 0x0000000711e00000, 0x0000000711e00000| Untracked 
| 123|0x0000000711f00000, 0x0000000711f00000, 0x0000000712000000|  0%| F|  |TAMS 0x0000000711f00000, 0x0000000711f00000| Untracked 
| 124|0x0000000712000000, 0x0000000712000000, 0x0000000712100000|  0%| F|  |TAMS 0x0000000712000000, 0x0000000712000000| Untracked 
| 125|0x0000000712100000, 0x0000000712100000, 0x0000000712200000|  0%| F|  |TAMS 0x0000000712100000, 0x0000000712100000| Untracked 
| 126|0x0000000712200000, 0x0000000712200000, 0x0000000712300000|  0%| F|  |TAMS 0x0000000712200000, 0x0000000712200000| Untracked 
| 127|0x0000000712300000, 0x0000000712300000, 0x0000000712400000|  0%| F|  |TAMS 0x0000000712300000, 0x0000000712300000| Untracked 
| 128|0x0000000712400000, 0x0000000712400000, 0x0000000712500000|  0%| F|  |TAMS 0x0000000712400000, 0x0000000712400000| Untracked 
| 129|0x0000000712500000, 0x0000000712500000, 0x0000000712600000|  0%| F|  |TAMS 0x0000000712500000, 0x0000000712500000| Untracked 
| 130|0x0000000712600000, 0x0000000712600000, 0x0000000712700000|  0%| F|  |TAMS 0x0000000712600000, 0x0000000712600000| Untracked 
| 131|0x0000000712700000, 0x0000000712700000, 0x0000000712800000|  0%| F|  |TAMS 0x0000000712700000, 0x0000000712700000| Untracked 
| 132|0x0000000712800000, 0x0000000712800000, 0x0000000712900000|  0%| F|  |TAMS 0x0000000712800000, 0x0000000712800000| Untracked 
| 133|0x0000000712900000, 0x0000000712900000, 0x0000000712a00000|  0%| F|  |TAMS 0x0000000712900000, 0x0000000712900000| Untracked 
| 134|0x0000000712a00000, 0x0000000712a00000, 0x0000000712b00000|  0%| F|  |TAMS 0x0000000712a00000, 0x0000000712a00000| Untracked 
| 135|0x0000000712b00000, 0x0000000712b00000, 0x0000000712c00000|  0%| F|  |TAMS 0x0000000712b00000, 0x0000000712b00000| Untracked 
| 136|0x0000000712c00000, 0x0000000712c00000, 0x0000000712d00000|  0%| F|  |TAMS 0x0000000712c00000, 0x0000000712c00000| Untracked 
| 137|0x0000000712d00000, 0x0000000712d00000, 0x0000000712e00000|  0%| F|  |TAMS 0x0000000712d00000, 0x0000000712d00000| Untracked 
| 138|0x0000000712e00000, 0x0000000712e00000, 0x0000000712f00000|  0%| F|  |TAMS 0x0000000712e00000, 0x0000000712e00000| Untracked 
| 139|0x0000000712f00000, 0x0000000712f00000, 0x0000000713000000|  0%| F|  |TAMS 0x0000000712f00000, 0x0000000712f00000| Untracked 
| 140|0x0000000713000000, 0x0000000713000000, 0x0000000713100000|  0%| F|  |TAMS 0x0000000713000000, 0x0000000713000000| Untracked 
| 141|0x0000000713100000, 0x0000000713100000, 0x0000000713200000|  0%| F|  |TAMS 0x0000000713100000, 0x0000000713100000| Untracked 
| 142|0x0000000713200000, 0x0000000713200000, 0x0000000713300000|  0%| F|  |TAMS 0x0000000713200000, 0x0000000713200000| Untracked 
| 143|0x0000000713300000, 0x0000000713300000, 0x0000000713400000|  0%| F|  |TAMS 0x0000000713300000, 0x0000000713300000| Untracked 
| 144|0x0000000713400000, 0x0000000713400000, 0x0000000713500000|  0%| F|  |TAMS 0x0000000713400000, 0x0000000713400000| Untracked 
| 145|0x0000000713500000, 0x000000071357b408, 0x0000000713600000| 48%| S|CS|TAMS 0x0000000713500000, 0x0000000713500000| Complete 
| 146|0x0000000713600000, 0x0000000713700000, 0x0000000713700000|100%| S|CS|TAMS 0x0000000713600000, 0x0000000713600000| Complete 
| 147|0x0000000713700000, 0x0000000713800000, 0x0000000713800000|100%| S|CS|TAMS 0x0000000713700000, 0x0000000713700000| Complete 
| 148|0x0000000713800000, 0x0000000713900000, 0x0000000713900000|100%| S|CS|TAMS 0x0000000713800000, 0x0000000713800000| Complete 
| 149|0x0000000713900000, 0x0000000713a00000, 0x0000000713a00000|100%| S|CS|TAMS 0x0000000713900000, 0x0000000713900000| Complete 
| 150|0x0000000713a00000, 0x0000000713b00000, 0x0000000713b00000|100%| S|CS|TAMS 0x0000000713a00000, 0x0000000713a00000| Complete 
| 151|0x0000000713b00000, 0x0000000713c00000, 0x0000000713c00000|100%| S|CS|TAMS 0x0000000713b00000, 0x0000000713b00000| Complete 
| 152|0x0000000713c00000, 0x0000000713d00000, 0x0000000713d00000|100%| S|CS|TAMS 0x0000000713c00000, 0x0000000713c00000| Complete 
| 153|0x0000000713d00000, 0x0000000713e00000, 0x0000000713e00000|100%| S|CS|TAMS 0x0000000713d00000, 0x0000000713d00000| Complete 
| 154|0x0000000713e00000, 0x0000000713f00000, 0x0000000713f00000|100%| S|CS|TAMS 0x0000000713e00000, 0x0000000713e00000| Complete 
| 155|0x0000000713f00000, 0x0000000713f00000, 0x0000000714000000|  0%| F|  |TAMS 0x0000000713f00000, 0x0000000713f00000| Untracked 
| 156|0x0000000714000000, 0x0000000714000000, 0x0000000714100000|  0%| F|  |TAMS 0x0000000714000000, 0x0000000714000000| Untracked 
| 157|0x0000000714100000, 0x0000000714100000, 0x0000000714200000|  0%| F|  |TAMS 0x0000000714100000, 0x0000000714100000| Untracked 
| 158|0x0000000714200000, 0x0000000714200000, 0x0000000714300000|  0%| F|  |TAMS 0x0000000714200000, 0x0000000714200000| Untracked 
| 159|0x0000000714300000, 0x0000000714300000, 0x0000000714400000|  0%| F|  |TAMS 0x0000000714300000, 0x0000000714300000| Untracked 
| 160|0x0000000714400000, 0x0000000714400000, 0x0000000714500000|  0%| F|  |TAMS 0x0000000714400000, 0x0000000714400000| Untracked 
| 161|0x0000000714500000, 0x0000000714500000, 0x0000000714600000|  0%| F|  |TAMS 0x0000000714500000, 0x0000000714500000| Untracked 
| 162|0x0000000714600000, 0x0000000714600000, 0x0000000714700000|  0%| F|  |TAMS 0x0000000714600000, 0x0000000714600000| Untracked 
| 163|0x0000000714700000, 0x0000000714700000, 0x0000000714800000|  0%| F|  |TAMS 0x0000000714700000, 0x0000000714700000| Untracked 
| 164|0x0000000714800000, 0x0000000714800000, 0x0000000714900000|  0%| F|  |TAMS 0x0000000714800000, 0x0000000714800000| Untracked 
| 165|0x0000000714900000, 0x0000000714900000, 0x0000000714a00000|  0%| F|  |TAMS 0x0000000714900000, 0x0000000714900000| Untracked 
| 166|0x0000000714a00000, 0x0000000714a00000, 0x0000000714b00000|  0%| F|  |TAMS 0x0000000714a00000, 0x0000000714a00000| Untracked 
| 167|0x0000000714b00000, 0x0000000714b00000, 0x0000000714c00000|  0%| F|  |TAMS 0x0000000714b00000, 0x0000000714b00000| Untracked 
| 168|0x0000000714c00000, 0x0000000714c00000, 0x0000000714d00000|  0%| F|  |TAMS 0x0000000714c00000, 0x0000000714c00000| Untracked 
| 169|0x0000000714d00000, 0x0000000714d00000, 0x0000000714e00000|  0%| F|  |TAMS 0x0000000714d00000, 0x0000000714d00000| Untracked 
| 170|0x0000000714e00000, 0x0000000714e00000, 0x0000000714f00000|  0%| F|  |TAMS 0x0000000714e00000, 0x0000000714e00000| Untracked 
| 171|0x0000000714f00000, 0x0000000714f00000, 0x0000000715000000|  0%| F|  |TAMS 0x0000000714f00000, 0x0000000714f00000| Untracked 
| 172|0x0000000715000000, 0x0000000715000000, 0x0000000715100000|  0%| F|  |TAMS 0x0000000715000000, 0x0000000715000000| Untracked 
| 173|0x0000000715100000, 0x0000000715100000, 0x0000000715200000|  0%| F|  |TAMS 0x0000000715100000, 0x0000000715100000| Untracked 
| 174|0x0000000715200000, 0x0000000715200000, 0x0000000715300000|  0%| F|  |TAMS 0x0000000715200000, 0x0000000715200000| Untracked 
| 175|0x0000000715300000, 0x0000000715300000, 0x0000000715400000|  0%| F|  |TAMS 0x0000000715300000, 0x0000000715300000| Untracked 
| 176|0x0000000715400000, 0x0000000715400000, 0x0000000715500000|  0%| F|  |TAMS 0x0000000715400000, 0x0000000715400000| Untracked 
| 177|0x0000000715500000, 0x0000000715500000, 0x0000000715600000|  0%| F|  |TAMS 0x0000000715500000, 0x0000000715500000| Untracked 
| 178|0x0000000715600000, 0x0000000715600000, 0x0000000715700000|  0%| F|  |TAMS 0x0000000715600000, 0x0000000715600000| Untracked 
| 179|0x0000000715700000, 0x0000000715700000, 0x0000000715800000|  0%| F|  |TAMS 0x0000000715700000, 0x0000000715700000| Untracked 
| 180|0x0000000715800000, 0x0000000715800000, 0x0000000715900000|  0%| F|  |TAMS 0x0000000715800000, 0x0000000715800000| Untracked 
| 181|0x0000000715900000, 0x0000000715900000, 0x0000000715a00000|  0%| F|  |TAMS 0x0000000715900000, 0x0000000715900000| Untracked 
| 182|0x0000000715a00000, 0x0000000715a00000, 0x0000000715b00000|  0%| F|  |TAMS 0x0000000715a00000, 0x0000000715a00000| Untracked 
| 183|0x0000000715b00000, 0x0000000715b00000, 0x0000000715c00000|  0%| F|  |TAMS 0x0000000715b00000, 0x0000000715b00000| Untracked 
| 184|0x0000000715c00000, 0x0000000715c00000, 0x0000000715d00000|  0%| F|  |TAMS 0x0000000715c00000, 0x0000000715c00000| Untracked 
| 185|0x0000000715d00000, 0x0000000715d00000, 0x0000000715e00000|  0%| F|  |TAMS 0x0000000715d00000, 0x0000000715d00000| Untracked 
| 186|0x0000000715e00000, 0x0000000715e00000, 0x0000000715f00000|  0%| F|  |TAMS 0x0000000715e00000, 0x0000000715e00000| Untracked 
| 187|0x0000000715f00000, 0x0000000715f00000, 0x0000000716000000|  0%| F|  |TAMS 0x0000000715f00000, 0x0000000715f00000| Untracked 
| 188|0x0000000716000000, 0x0000000716000000, 0x0000000716100000|  0%| F|  |TAMS 0x0000000716000000, 0x0000000716000000| Untracked 
| 189|0x0000000716100000, 0x0000000716100000, 0x0000000716200000|  0%| F|  |TAMS 0x0000000716100000, 0x0000000716100000| Untracked 
| 190|0x0000000716200000, 0x0000000716200000, 0x0000000716300000|  0%| F|  |TAMS 0x0000000716200000, 0x0000000716200000| Untracked 
| 191|0x0000000716300000, 0x0000000716300000, 0x0000000716400000|  0%| F|  |TAMS 0x0000000716300000, 0x0000000716300000| Untracked 
| 192|0x0000000716400000, 0x0000000716400000, 0x0000000716500000|  0%| F|  |TAMS 0x0000000716400000, 0x0000000716400000| Untracked 
| 193|0x0000000716500000, 0x0000000716500000, 0x0000000716600000|  0%| F|  |TAMS 0x0000000716500000, 0x0000000716500000| Untracked 
| 194|0x0000000716600000, 0x0000000716600000, 0x0000000716700000|  0%| F|  |TAMS 0x0000000716600000, 0x0000000716600000| Untracked 
| 195|0x0000000716700000, 0x0000000716700000, 0x0000000716800000|  0%| F|  |TAMS 0x0000000716700000, 0x0000000716700000| Untracked 
| 196|0x0000000716800000, 0x0000000716800000, 0x0000000716900000|  0%| F|  |TAMS 0x0000000716800000, 0x0000000716800000| Untracked 
| 197|0x0000000716900000, 0x0000000716900000, 0x0000000716a00000|  0%| F|  |TAMS 0x0000000716900000, 0x0000000716900000| Untracked 
| 198|0x0000000716a00000, 0x0000000716a00000, 0x0000000716b00000|  0%| F|  |TAMS 0x0000000716a00000, 0x0000000716a00000| Untracked 
| 199|0x0000000716b00000, 0x0000000716b00000, 0x0000000716c00000|  0%| F|  |TAMS 0x0000000716b00000, 0x0000000716b00000| Untracked 
| 200|0x0000000716c00000, 0x0000000716c00000, 0x0000000716d00000|  0%| F|  |TAMS 0x0000000716c00000, 0x0000000716c00000| Untracked 
| 201|0x0000000716d00000, 0x0000000716d00000, 0x0000000716e00000|  0%| F|  |TAMS 0x0000000716d00000, 0x0000000716d00000| Untracked 
| 202|0x0000000716e00000, 0x0000000716e00000, 0x0000000716f00000|  0%| F|  |TAMS 0x0000000716e00000, 0x0000000716e00000| Untracked 
| 203|0x0000000716f00000, 0x0000000716f00000, 0x0000000717000000|  0%| F|  |TAMS 0x0000000716f00000, 0x0000000716f00000| Untracked 
| 204|0x0000000717000000, 0x0000000717000000, 0x0000000717100000|  0%| F|  |TAMS 0x0000000717000000, 0x0000000717000000| Untracked 
| 205|0x0000000717100000, 0x0000000717100000, 0x0000000717200000|  0%| F|  |TAMS 0x0000000717100000, 0x0000000717100000| Untracked 
| 206|0x0000000717200000, 0x0000000717200000, 0x0000000717300000|  0%| F|  |TAMS 0x0000000717200000, 0x0000000717200000| Untracked 
| 207|0x0000000717300000, 0x0000000717300000, 0x0000000717400000|  0%| F|  |TAMS 0x0000000717300000, 0x0000000717300000| Untracked 
| 208|0x0000000717400000, 0x0000000717400000, 0x0000000717500000|  0%| F|  |TAMS 0x0000000717400000, 0x0000000717400000| Untracked 
| 209|0x0000000717500000, 0x0000000717500000, 0x0000000717600000|  0%| F|  |TAMS 0x0000000717500000, 0x0000000717500000| Untracked 
| 210|0x0000000717600000, 0x0000000717700000, 0x0000000717700000|100%| E|  |TAMS 0x0000000717600000, 0x0000000717600000| Complete 
| 211|0x0000000717700000, 0x0000000717800000, 0x0000000717800000|100%| E|CS|TAMS 0x0000000717700000, 0x0000000717700000| Complete 
| 212|0x0000000717800000, 0x0000000717900000, 0x0000000717900000|100%| E|CS|TAMS 0x0000000717800000, 0x0000000717800000| Complete 
| 213|0x0000000717900000, 0x0000000717a00000, 0x0000000717a00000|100%| E|CS|TAMS 0x0000000717900000, 0x0000000717900000| Complete 
| 214|0x0000000717a00000, 0x0000000717b00000, 0x0000000717b00000|100%| E|CS|TAMS 0x0000000717a00000, 0x0000000717a00000| Complete 
| 215|0x0000000717b00000, 0x0000000717c00000, 0x0000000717c00000|100%| E|  |TAMS 0x0000000717b00000, 0x0000000717b00000| Complete 
| 216|0x0000000717c00000, 0x0000000717d00000, 0x0000000717d00000|100%| E|CS|TAMS 0x0000000717c00000, 0x0000000717c00000| Complete 
| 217|0x0000000717d00000, 0x0000000717e00000, 0x0000000717e00000|100%| E|CS|TAMS 0x0000000717d00000, 0x0000000717d00000| Complete 
| 218|0x0000000717e00000, 0x0000000717f00000, 0x0000000717f00000|100%| E|CS|TAMS 0x0000000717e00000, 0x0000000717e00000| Complete 
| 219|0x0000000717f00000, 0x0000000718000000, 0x0000000718000000|100%| E|CS|TAMS 0x0000000717f00000, 0x0000000717f00000| Complete 
| 220|0x0000000718000000, 0x0000000718100000, 0x0000000718100000|100%| E|CS|TAMS 0x0000000718000000, 0x0000000718000000| Complete 
| 221|0x0000000718100000, 0x0000000718200000, 0x0000000718200000|100%| E|CS|TAMS 0x0000000718100000, 0x0000000718100000| Complete 
| 222|0x0000000718200000, 0x0000000718300000, 0x0000000718300000|100%| E|CS|TAMS 0x0000000718200000, 0x0000000718200000| Complete 
| 223|0x0000000718300000, 0x0000000718400000, 0x0000000718400000|100%| E|CS|TAMS 0x0000000718300000, 0x0000000718300000| Complete 
| 224|0x0000000718400000, 0x0000000718500000, 0x0000000718500000|100%| E|CS|TAMS 0x0000000718400000, 0x0000000718400000| Complete 
| 225|0x0000000718500000, 0x0000000718600000, 0x0000000718600000|100%| E|CS|TAMS 0x0000000718500000, 0x0000000718500000| Complete 
| 226|0x0000000718600000, 0x0000000718700000, 0x0000000718700000|100%| E|CS|TAMS 0x0000000718600000, 0x0000000718600000| Complete 
| 227|0x0000000718700000, 0x0000000718800000, 0x0000000718800000|100%| E|CS|TAMS 0x0000000718700000, 0x0000000718700000| Complete 
| 228|0x0000000718800000, 0x0000000718900000, 0x0000000718900000|100%| E|CS|TAMS 0x0000000718800000, 0x0000000718800000| Complete 
| 229|0x0000000718900000, 0x0000000718a00000, 0x0000000718a00000|100%| E|CS|TAMS 0x0000000718900000, 0x0000000718900000| Complete 
| 230|0x0000000718a00000, 0x0000000718b00000, 0x0000000718b00000|100%| E|CS|TAMS 0x0000000718a00000, 0x0000000718a00000| Complete 
| 231|0x0000000718b00000, 0x0000000718c00000, 0x0000000718c00000|100%| E|CS|TAMS 0x0000000718b00000, 0x0000000718b00000| Complete 
| 232|0x0000000718c00000, 0x0000000718d00000, 0x0000000718d00000|100%| E|CS|TAMS 0x0000000718c00000, 0x0000000718c00000| Complete 
| 233|0x0000000718d00000, 0x0000000718e00000, 0x0000000718e00000|100%| E|CS|TAMS 0x0000000718d00000, 0x0000000718d00000| Complete 
| 234|0x0000000718e00000, 0x0000000718f00000, 0x0000000718f00000|100%| E|CS|TAMS 0x0000000718e00000, 0x0000000718e00000| Complete 
| 235|0x0000000718f00000, 0x0000000719000000, 0x0000000719000000|100%| E|CS|TAMS 0x0000000718f00000, 0x0000000718f00000| Complete 
| 236|0x0000000719000000, 0x0000000719100000, 0x0000000719100000|100%| E|CS|TAMS 0x0000000719000000, 0x0000000719000000| Complete 
| 237|0x0000000719100000, 0x0000000719200000, 0x0000000719200000|100%| E|CS|TAMS 0x0000000719100000, 0x0000000719100000| Complete 
| 238|0x0000000719200000, 0x0000000719300000, 0x0000000719300000|100%| E|CS|TAMS 0x0000000719200000, 0x0000000719200000| Complete 
| 239|0x0000000719300000, 0x0000000719400000, 0x0000000719400000|100%| E|CS|TAMS 0x0000000719300000, 0x0000000719300000| Complete 
| 240|0x0000000719400000, 0x0000000719500000, 0x0000000719500000|100%| E|CS|TAMS 0x0000000719400000, 0x0000000719400000| Complete 
| 241|0x0000000719500000, 0x0000000719600000, 0x0000000719600000|100%| E|CS|TAMS 0x0000000719500000, 0x0000000719500000| Complete 
| 242|0x0000000719600000, 0x0000000719700000, 0x0000000719700000|100%| E|CS|TAMS 0x0000000719600000, 0x0000000719600000| Complete 
| 243|0x0000000719700000, 0x0000000719800000, 0x0000000719800000|100%| E|CS|TAMS 0x0000000719700000, 0x0000000719700000| Complete 
| 244|0x0000000719800000, 0x0000000719900000, 0x0000000719900000|100%| E|CS|TAMS 0x0000000719800000, 0x0000000719800000| Complete 
| 245|0x0000000719900000, 0x0000000719a00000, 0x0000000719a00000|100%| E|CS|TAMS 0x0000000719900000, 0x0000000719900000| Complete 
| 246|0x0000000719a00000, 0x0000000719b00000, 0x0000000719b00000|100%| E|CS|TAMS 0x0000000719a00000, 0x0000000719a00000| Complete 
| 247|0x0000000719b00000, 0x0000000719c00000, 0x0000000719c00000|100%| E|CS|TAMS 0x0000000719b00000, 0x0000000719b00000| Complete 
| 248|0x0000000719c00000, 0x0000000719d00000, 0x0000000719d00000|100%| E|CS|TAMS 0x0000000719c00000, 0x0000000719c00000| Complete 
| 249|0x0000000719d00000, 0x0000000719e00000, 0x0000000719e00000|100%| E|CS|TAMS 0x0000000719d00000, 0x0000000719d00000| Complete 
| 250|0x0000000719e00000, 0x0000000719f00000, 0x0000000719f00000|100%| E|CS|TAMS 0x0000000719e00000, 0x0000000719e00000| Complete 
| 251|0x0000000719f00000, 0x000000071a000000, 0x000000071a000000|100%| E|CS|TAMS 0x0000000719f00000, 0x0000000719f00000| Complete 
| 252|0x000000071a000000, 0x000000071a100000, 0x000000071a100000|100%| E|CS|TAMS 0x000000071a000000, 0x000000071a000000| Complete 
| 253|0x000000071a100000, 0x000000071a200000, 0x000000071a200000|100%| E|CS|TAMS 0x000000071a100000, 0x000000071a100000| Complete 
| 254|0x000000071a200000, 0x000000071a300000, 0x000000071a300000|100%| E|CS|TAMS 0x000000071a200000, 0x000000071a200000| Complete 
| 255|0x000000071a300000, 0x000000071a400000, 0x000000071a400000|100%| E|CS|TAMS 0x000000071a300000, 0x000000071a300000| Complete 
| 256|0x000000071a400000, 0x000000071a500000, 0x000000071a500000|100%| E|CS|TAMS 0x000000071a400000, 0x000000071a400000| Complete 
| 257|0x000000071a500000, 0x000000071a600000, 0x000000071a600000|100%| E|CS|TAMS 0x000000071a500000, 0x000000071a500000| Complete 
| 258|0x000000071a600000, 0x000000071a700000, 0x000000071a700000|100%| E|CS|TAMS 0x000000071a600000, 0x000000071a600000| Complete 
| 259|0x000000071a700000, 0x000000071a800000, 0x000000071a800000|100%| E|CS|TAMS 0x000000071a700000, 0x000000071a700000| Complete 
| 260|0x000000071a800000, 0x000000071a900000, 0x000000071a900000|100%| E|CS|TAMS 0x000000071a800000, 0x000000071a800000| Complete 
| 261|0x000000071a900000, 0x000000071aa00000, 0x000000071aa00000|100%| E|CS|TAMS 0x000000071a900000, 0x000000071a900000| Complete 
| 262|0x000000071aa00000, 0x000000071ab00000, 0x000000071ab00000|100%| E|CS|TAMS 0x000000071aa00000, 0x000000071aa00000| Complete 
| 263|0x000000071ab00000, 0x000000071ac00000, 0x000000071ac00000|100%| E|CS|TAMS 0x000000071ab00000, 0x000000071ab00000| Complete 
| 264|0x000000071ac00000, 0x000000071ad00000, 0x000000071ad00000|100%| E|CS|TAMS 0x000000071ac00000, 0x000000071ac00000| Complete 
| 265|0x000000071ad00000, 0x000000071ae00000, 0x000000071ae00000|100%| E|CS|TAMS 0x000000071ad00000, 0x000000071ad00000| Complete 
| 266|0x000000071ae00000, 0x000000071af00000, 0x000000071af00000|100%| E|CS|TAMS 0x000000071ae00000, 0x000000071ae00000| Complete 
| 267|0x000000071af00000, 0x000000071b000000, 0x000000071b000000|100%| E|CS|TAMS 0x000000071af00000, 0x000000071af00000| Complete 
| 268|0x000000071b000000, 0x000000071b100000, 0x000000071b100000|100%| E|CS|TAMS 0x000000071b000000, 0x000000071b000000| Complete 
| 269|0x000000071b100000, 0x000000071b200000, 0x000000071b200000|100%| E|CS|TAMS 0x000000071b100000, 0x000000071b100000| Complete 
| 270|0x000000071b200000, 0x000000071b300000, 0x000000071b300000|100%| E|CS|TAMS 0x000000071b200000, 0x000000071b200000| Complete 
| 271|0x000000071b300000, 0x000000071b400000, 0x000000071b400000|100%| E|CS|TAMS 0x000000071b300000, 0x000000071b300000| Complete 
| 272|0x000000071b400000, 0x000000071b500000, 0x000000071b500000|100%| E|CS|TAMS 0x000000071b400000, 0x000000071b400000| Complete 
| 273|0x000000071b500000, 0x000000071b600000, 0x000000071b600000|100%| E|CS|TAMS 0x000000071b500000, 0x000000071b500000| Complete 
| 274|0x000000071b600000, 0x000000071b700000, 0x000000071b700000|100%| E|CS|TAMS 0x000000071b600000, 0x000000071b600000| Complete 
| 275|0x000000071b700000, 0x000000071b800000, 0x000000071b800000|100%| E|CS|TAMS 0x000000071b700000, 0x000000071b700000| Complete 
| 276|0x000000071b800000, 0x000000071b900000, 0x000000071b900000|100%| E|CS|TAMS 0x000000071b800000, 0x000000071b800000| Complete 
| 277|0x000000071b900000, 0x000000071ba00000, 0x000000071ba00000|100%| E|CS|TAMS 0x000000071b900000, 0x000000071b900000| Complete 
| 278|0x000000071ba00000, 0x000000071bb00000, 0x000000071bb00000|100%| E|CS|TAMS 0x000000071ba00000, 0x000000071ba00000| Complete 
| 279|0x000000071bb00000, 0x000000071bc00000, 0x000000071bc00000|100%| E|CS|TAMS 0x000000071bb00000, 0x000000071bb00000| Complete 
| 280|0x000000071bc00000, 0x000000071bd00000, 0x000000071bd00000|100%| E|CS|TAMS 0x000000071bc00000, 0x000000071bc00000| Complete 
| 281|0x000000071bd00000, 0x000000071be00000, 0x000000071be00000|100%| E|CS|TAMS 0x000000071bd00000, 0x000000071bd00000| Complete 
| 282|0x000000071be00000, 0x000000071bf00000, 0x000000071bf00000|100%| E|CS|TAMS 0x000000071be00000, 0x000000071be00000| Complete 
| 283|0x000000071bf00000, 0x000000071c000000, 0x000000071c000000|100%| E|CS|TAMS 0x000000071bf00000, 0x000000071bf00000| Complete 
| 284|0x000000071c000000, 0x000000071c100000, 0x000000071c100000|100%| E|CS|TAMS 0x000000071c000000, 0x000000071c000000| Complete 
| 285|0x000000071c100000, 0x000000071c200000, 0x000000071c200000|100%| E|CS|TAMS 0x000000071c100000, 0x000000071c100000| Complete 
| 286|0x000000071c200000, 0x000000071c300000, 0x000000071c300000|100%| E|CS|TAMS 0x000000071c200000, 0x000000071c200000| Complete 
| 287|0x000000071c300000, 0x000000071c400000, 0x000000071c400000|100%| E|CS|TAMS 0x000000071c300000, 0x000000071c300000| Complete 
| 288|0x000000071c400000, 0x000000071c500000, 0x000000071c500000|100%| E|CS|TAMS 0x000000071c400000, 0x000000071c400000| Complete 
| 289|0x000000071c500000, 0x000000071c600000, 0x000000071c600000|100%| E|CS|TAMS 0x000000071c500000, 0x000000071c500000| Complete 
| 290|0x000000071c600000, 0x000000071c700000, 0x000000071c700000|100%| E|CS|TAMS 0x000000071c600000, 0x000000071c600000| Complete 
| 291|0x000000071c700000, 0x000000071c800000, 0x000000071c800000|100%| E|CS|TAMS 0x000000071c700000, 0x000000071c700000| Complete 
| 292|0x000000071c800000, 0x000000071c900000, 0x000000071c900000|100%| E|CS|TAMS 0x000000071c800000, 0x000000071c800000| Complete 
| 293|0x000000071c900000, 0x000000071ca00000, 0x000000071ca00000|100%| E|CS|TAMS 0x000000071c900000, 0x000000071c900000| Complete 
| 294|0x000000071ca00000, 0x000000071cb00000, 0x000000071cb00000|100%| E|CS|TAMS 0x000000071ca00000, 0x000000071ca00000| Complete 
| 295|0x000000071cb00000, 0x000000071cc00000, 0x000000071cc00000|100%| E|CS|TAMS 0x000000071cb00000, 0x000000071cb00000| Complete 

Card table byte_map: [0x00007fb5c01da000,0x00007fb5c0988000] _byte_map_base: 0x00007fb5bc988000

Marking Bits (Prev, Next): (CMBitMap*) 0x00007fb5d8086bf8, (CMBitMap*) 0x00007fb5d8086c30
 Prev Bits: [0x00007fb5b7ae2000, 0x00007fb5bb852000)
 Next Bits: [0x00007fb5b3d72000, 0x00007fb5b7ae2000)

Polling page: 0x00007fb5e06d3000

Metaspace:

Usage:
  Non-class:     39.59 MB capacity,    38.85 MB ( 98%) used,   617.89 KB (  2%) free+waste,   143.25 KB ( <1%) overhead. 
      Class:      5.85 MB capacity,     5.38 MB ( 92%) used,   418.61 KB (  7%) free+waste,    68.81 KB (  1%) overhead. 
       Both:     45.44 MB capacity,    44.22 MB ( 97%) used,     1.01 MB (  2%) free+waste,   212.06 KB ( <1%) overhead. 

Virtual space:
  Non-class space:       40.00 MB reserved,      39.92 MB (>99%) committed 
      Class space:        1.00 GB reserved,       5.88 MB ( <1%) committed 
             Both:        1.04 GB reserved,      45.80 MB (  4%) committed 

Chunk freelists:
   Non-Class:  16.62 KB
       Class:  128 bytes
        Both:  16.75 KB

CodeHeap 'non-profiled nmethods': size=238948Kb used=7632Kb max_used=7632Kb free=231315Kb
 bounds [0x00007fb5c102f000, 0x00007fb5c17af000, 0x00007fb5cf988000]
CodeHeap 'non-nmethods': size=6812Kb used=1208Kb max_used=2286Kb free=5603Kb
 bounds [0x00007fb5c0988000, 0x00007fb5c0bf8000, 0x00007fb5c102f000]
 total_blobs=5049 nmethods=4421 adapters=498
 compilation: enabled
              stopped_count=0, restarted_count=0
 full_count=0

Compilation events (10 events):
Event: 794.658 Thread 0x00007fb5d826e000 4454       1       jdk.internal.misc.Unsafe::getAndAddLong (27 bytes)
Event: 794.658 Thread 0x00007fb5d826e000 nmethod 4454 0x00007fb5c17a1b10 code [0x00007fb5c17a1cc0, 0x00007fb5c17a1e10]
Event: 794.661 Thread 0x00007fb5d826e000 4455       1       org.h2.mvstore.DataUtils::appendMapKey (25 bytes)
Event: 794.661 Thread 0x00007fb5d826e000 nmethod 4455 0x00007fb5c17a2290 code [0x00007fb5c17a2460, 0x00007fb5c17a25e8]
Event: 794.665 Thread 0x00007fb5d826e000 4457       1       org.h2.mvstore.Page$PageReference::getPage (5 bytes)
Event: 794.665 Thread 0x00007fb5d826e000 nmethod 4457 0x00007fb5c17a2710 code [0x00007fb5c17a28c0, 0x00007fb5c17a29d0]
Event: 794.668 Thread 0x00007fb5d826e000 4458       1       javax.management.ObjectName::isPattern (16 bytes)
Event: 794.668 Thread 0x00007fb5d826e000 nmethod 4458 0x00007fb5c17a2a90 code [0x00007fb5c17a2c40, 0x00007fb5c17a2d70]
Event: 794.669 Thread 0x00007fb5d826e000 4459       1       org.apache.catalina.ContainerEvent::getType (5 bytes)
Event: 794.669 Thread 0x00007fb5d826e000 nmethod 4459 0x00007fb5c17a2e10 code [0x00007fb5c17a2fc0, 0x00007fb5c17a30d0]

GC Heap History (10 events):
Event: 0.444 GC heap before
{Heap before GC invocations=0 (full 0):
 garbage-first heap   total 251904K, used 14336K [0x000000070a400000, 0x0000000800000000)
  region size 1024K, 14 young (14336K), 0 survivors (0K)
 Metaspace       used 12979K, capacity 13337K, committed 13568K, reserved 1060864K
  class space    used 1348K, capacity 1464K, committed 1536K, reserved 1048576K
}
Event: 0.449 GC heap after
{Heap after GC invocations=1 (full 0):
 garbage-first heap   total 251904K, used 4512K [0x000000070a400000, 0x0000000800000000)
  region size 1024K, 2 young (2048K), 2 survivors (2048K)
 Metaspace       used 12979K, capacity 13337K, committed 13568K, reserved 1060864K
  class space    used 1348K, capacity 1464K, committed 1536K, reserved 1048576K
}
Event: 0.645 GC heap before
{Heap before GC invocations=1 (full 0):
 garbage-first heap   total 251904K, used 30112K [0x000000070a400000, 0x0000000800000000)
  region size 1024K, 27 young (27648K), 2 survivors (2048K)
 Metaspace       used 18056K, capacity 18590K, committed 18944K, reserved 1067008K
  class space    used 2050K, capacity 2222K, committed 2304K, reserved 1048576K
}
Event: 0.648 GC heap after
{Heap after GC invocations=2 (full 0):
 garbage-first heap   total 251904K, used 5906K [0x000000070a400000, 0x0000000800000000)
  region size 1024K, 4 young (4096K), 4 survivors (4096K)
 Metaspace       used 18056K, capacity 18590K, committed 18944K, reserved 1067008K
  class space    used 2050K, capacity 2222K, committed 2304K, reserved 1048576K
}
Event: 0.739 GC heap before
{Heap before GC invocations=2 (full 0):
 garbage-first heap   total 251904K, used 23314K [0x000000070a400000, 0x0000000800000000)
  region size 1024K, 22 young (22528K), 4 survivors (4096K)
 Metaspace       used 20620K, capacity 21126K, committed 21296K, reserved 1069056K
  class space    used 2450K, capacity 2641K, committed 2688K, reserved 1048576K
}
Event: 0.744 GC heap after
{Heap after GC invocations=3 (full 0):
 garbage-first heap   total 251904K, used 6699K [0x000000070a400000, 0x0000000800000000)
  region size 1024K, 3 young (3072K), 3 survivors (3072K)
 Metaspace       used 20620K, capacity 21126K, committed 21296K, reserved 1069056K
  class space    used 2450K, capacity 2641K, committed 2688K, reserved 1048576K
}
Event: 1.015 GC heap before
{Heap before GC invocations=4 (full 0):
 garbage-first heap   total 251904K, used 39467K [0x000000070a400000, 0x0000000800000000)
  region size 1024K, 36 young (36864K), 3 survivors (3072K)
 Metaspace       used 26382K, capacity 27071K, committed 27184K, reserved 1073152K
  class space    used 3181K, capacity 3441K, committed 3456K, reserved 1048576K
}
Event: 1.022 GC heap after
{Heap after GC invocations=5 (full 0):
 garbage-first heap   total 251904K, used 8479K [0x000000070a400000, 0x0000000800000000)
  region size 1024K, 4 young (4096K), 4 survivors (4096K)
 Metaspace       used 26382K, capacity 27071K, committed 27184K, reserved 1073152K
  class space    used 3181K, capacity 3441K, committed 3456K, reserved 1048576K
}
Event: 1.773 GC heap before
{Heap before GC invocations=5 (full 0):
 garbage-first heap   total 251904K, used 96543K [0x000000070a400000, 0x0000000800000000)
  region size 1024K, 91 young (93184K), 4 survivors (4096K)
 Metaspace       used 34763K, capacity 35769K, committed 35888K, reserved 1081344K
  class space    used 4295K, capacity 4699K, committed 4736K, reserved 1048576K
}
Event: 1.784 GC heap after
{Heap after GC invocations=6 (full 0):
 garbage-first heap   total 303104K, used 14290K [0x000000070a400000, 0x0000000800000000)
  region size 1024K, 10 young (10240K), 10 survivors (10240K)
 Metaspace       used 34763K, capacity 35769K, committed 35888K, reserved 1081344K
  class space    used 4295K, capacity 4699K, committed 4736K, reserved 1048576K
}

Deoptimization events (0 events):
No events

Classes redefined (0 events):
No events

Internal exceptions (10 events):
Event: 1.851 Thread 0x00007fb5d8013800 Exception <a 'java/lang/ClassNotFoundException'{0x000000071c201318}: org/springframework/beans/factory/AwareCustomizer> (0x000000071c201318) thrown at [/data/home/jenkins/workspace/build-scripts/jobs/jdk11u/jdk11u-linux-x64-hotspot/workspace/build/src/src
Event: 1.851 Thread 0x00007fb5d8013800 Exception <a 'java/lang/ClassNotFoundException'{0x000000071c20b298}: org/springframework/web/context/ServletContextAwareCustomizer> (0x000000071c20b298) thrown at [/data/home/jenkins/workspace/build-scripts/jobs/jdk11u/jdk11u-linux-x64-hotspot/workspace/b
Event: 1.852 Thread 0x00007fb5d8013800 Exception <a 'java/lang/ClassNotFoundException'{0x000000071c215130}: org/springframework/beans/factory/AwareCustomizer> (0x000000071c215130) thrown at [/data/home/jenkins/workspace/build-scripts/jobs/jdk11u/jdk11u-linux-x64-hotspot/workspace/build/src/src
Event: 1.914 Thread 0x00007fb5d8013800 Exception <a 'java/lang/NoSuchMethodError'{0x000000071b82b400}: java.lang.invoke.DirectMethodHandle$Holder.invokeVirtual(Ljava/lang/Object;Ljava/lang/Object;I)V> (0x000000071b82b400) thrown at [/data/home/jenkins/workspace/build-scripts/jobs/jdk11u/jdk11u
Event: 2.071 Thread 0x00007fb5d8013800 Exception <a 'java/lang/NoSuchMethodError'{0x000000071a362670}: java.lang.invoke.DirectMethodHandle$Holder.invokeSpecial(Ljava/lang/Object;Ljava/lang/Object;)V> (0x000000071a362670) thrown at [/data/home/jenkins/workspace/build-scripts/jobs/jdk11u/jdk11u-
Event: 17.330 Thread 0x00007fb5d8e52800 Exception <a 'java/lang/ClassNotFoundException'{0x0000000718b24a58}: java/lang/ObjectCustomizer> (0x0000000718b24a58) thrown at [/data/home/jenkins/workspace/build-scripts/jobs/jdk11u/jdk11u-linux-x64-hotspot/workspace/build/src/src/hotspot/share/classfil
Event: 17.330 Thread 0x00007fb5d8e52800 Exception <a 'java/lang/ClassNotFoundException'{0x0000000718b32798}: com/example/wsp/spring/model/AuthnCustomizer> (0x0000000718b32798) thrown at [/data/home/jenkins/workspace/build-scripts/jobs/jdk11u/jdk11u-linux-x64-hotspot/workspace/build/src/src/hots
Event: 17.503 Thread 0x00007fb5d8e52800 Exception <a 'java/lang/NoSuchMethodError'{0x0000000717d1e170}: java.lang.invoke.DirectMethodHandle$Holder.invokeStaticInit(Ljava/lang/Object;Ljava/lang/Object;Ljava/lang/Object;Ljava/lang/Object;)Ljava/lang/Object;> (0x0000000717d1e170) thrown at [/data/
Event: 794.629 Thread 0x00007fb52c0dc800 Exception <a 'java/net/SocketException'{0x00000007181c1bc0}: Socket closed> (0x00000007181c1bc0) thrown at [/data/home/jenkins/workspace/build-scripts/jobs/jdk11u/jdk11u-linux-x64-hotspot/workspace/build/src/src/hotspot/share/prims/jni.cpp, line 636]
Event: 794.657 Thread 0x00007fb59800c000 Exception <a 'java/lang/NoSuchMethodError'{0x000000071766e6d0}: java.lang.invoke.DirectMethodHandle$Holder.invokeInterface(Ljava/lang/Object;Ljava/lang/Object;)V> (0x000000071766e6d0) thrown at [/data/home/jenkins/workspace/build-scripts/jobs/jdk11u/jdk11

Events (10 events):
Event: 794.669 Thread 0x00007fb5d8e6b000 Thread exited: 0x00007fb5d8e6b000
Event: 794.669 Executing VM operation: RevokeBias
Event: 794.669 Executing VM operation: RevokeBias done
Event: 794.669 Thread 0x00007fb5d8e5e800 Thread exited: 0x00007fb5d8e5e800
Event: 794.669 Thread 0x00007fb5d8e52800 Thread exited: 0x00007fb5d8e52800
Event: 794.669 Executing VM operation: RevokeBias
Event: 794.669 Executing VM operation: RevokeBias done
Event: 794.669 Thread 0x00007fb5d8e54000 Thread exited: 0x00007fb5d8e54000
Event: 794.669 Executing VM operation: RevokeBias
Event: 794.669 Executing VM operation: RevokeBias done


Dynamic libraries:
00400000-00401000 r-xp 00000000 08:01 3422999                            /usr/java/jdk-11.0.2+9/bin/java
00600000-00601000 r--p 00000000 08:01 3422999                            /usr/java/jdk-11.0.2+9/bin/java
00601000-00602000 rw-p 00001000 08:01 3422999                            /usr/java/jdk-11.0.2+9/bin/java
012ea000-013fd000 rw-p 00000000 00:00 0                                  [heap]
70a400000-71cc00000 rw-p 00000000 00:00 0 
71cc00000-800000000 ---p 00000000 00:00 0 
800000000-8005e0000 rw-p 00000000 00:00 0 
8005e0000-840000000 ---p 00000000 00:00 0 
7fb52c000000-7fb52c17f000 rw-p 00000000 00:00 0 
7fb52c17f000-7fb530000000 ---p 00000000 00:00 0 
7fb533dcf000-7fb534000000 rw-p 00000000 00:00 0 
7fb534000000-7fb534021000 rw-p 00000000 00:00 0 
7fb534021000-7fb538000000 ---p 00000000 00:00 0 
7fb538000000-7fb538021000 rw-p 00000000 00:00 0 
7fb538021000-7fb53c000000 ---p 00000000 00:00 0 
7fb53c000000-7fb53c021000 rw-p 00000000 00:00 0 
7fb53c021000-7fb540000000 ---p 00000000 00:00 0 
7fb540000000-7fb540021000 rw-p 00000000 00:00 0 
7fb540021000-7fb544000000 ---p 00000000 00:00 0 
7fb544000000-7fb544021000 rw-p 00000000 00:00 0 
7fb544021000-7fb548000000 ---p 00000000 00:00 0 
7fb548000000-7fb54805a000 rw-p 00000000 00:00 0 
7fb54805a000-7fb54c000000 ---p 00000000 00:00 0 
7fb54c000000-7fb54c021000 rw-p 00000000 00:00 0 
7fb54c021000-7fb550000000 ---p 00000000 00:00 0 
7fb550000000-7fb5502d7000 rw-p 00000000 00:00 0 
7fb5502d7000-7fb554000000 ---p 00000000 00:00 0 
7fb554000000-7fb554021000 rw-p 00000000 00:00 0 
7fb554021000-7fb558000000 ---p 00000000 00:00 0 
7fb558000000-7fb558021000 rw-p 00000000 00:00 0 
7fb558021000-7fb55c000000 ---p 00000000 00:00 0 
7fb55c000000-7fb55c021000 rw-p 00000000 00:00 0 
7fb55c021000-7fb560000000 ---p 00000000 00:00 0 
7fb560000000-7fb560021000 rw-p 00000000 00:00 0 
7fb560021000-7fb564000000 ---p 00000000 00:00 0 
7fb564000000-7fb564021000 rw-p 00000000 00:00 0 
7fb564021000-7fb568000000 ---p 00000000 00:00 0 
7fb568000000-7fb568021000 rw-p 00000000 00:00 0 
7fb568021000-7fb56c000000 ---p 00000000 00:00 0 
7fb56c199000-7fb56c2d3000 rw-p 00000000 00:00 0 
7fb56c2d3000-7fb56c2d7000 ---p 00000000 00:00 0 
7fb56c2d7000-7fb56c5d4000 rw-p 00000000 00:00 0                          [stack:7438]
7fb56c5d4000-7fb56c7d4000 rw-p 00000000 00:00 0 
7fb56c7d4000-7fb56c9d4000 rw-p 00000000 00:00 0 
7fb56c9d4000-7fb56c9d8000 ---p 00000000 00:00 0 
7fb56c9d8000-7fb56cad5000 rw-p 00000000 00:00 0 
7fb56cad5000-7fb56cad9000 ---p 00000000 00:00 0 
7fb56cad9000-7fb56cbd6000 rw-p 00000000 00:00 0 
7fb56cbd6000-7fb56cbda000 ---p 00000000 00:00 0 
7fb56cbda000-7fb56ccd7000 rw-p 00000000 00:00 0                          [stack:7437]
7fb56ccd7000-7fb56ccdb000 ---p 00000000 00:00 0 
7fb56ccdb000-7fb56cdd8000 rw-p 00000000 00:00 0                          [stack:4839]
7fb56cdd8000-7fb56cddc000 ---p 00000000 00:00 0 
7fb56cddc000-7fb56ced9000 rw-p 00000000 00:00 0                          [stack:4768]
7fb56ced9000-7fb56cedd000 ---p 00000000 00:00 0 
7fb56cedd000-7fb56cfda000 rw-p 00000000 00:00 0 
7fb56cfda000-7fb56cfde000 ---p 00000000 00:00 0 
7fb56cfde000-7fb56d0db000 rw-p 00000000 00:00 0 
7fb56d0db000-7fb56d0df000 ---p 00000000 00:00 0 
7fb56d0df000-7fb56d1dc000 rw-p 00000000 00:00 0                          [stack:4765]
7fb56d1dc000-7fb56d1e0000 ---p 00000000 00:00 0 
7fb56d1e0000-7fb56d2dd000 rw-p 00000000 00:00 0 
7fb56d2dd000-7fb56d2e1000 ---p 00000000 00:00 0 
7fb56d2e1000-7fb56d3de000 rw-p 00000000 00:00 0                          [stack:4763]
7fb56d3de000-7fb56d3e2000 ---p 00000000 00:00 0 
7fb56d3e2000-7fb56d4df000 rw-p 00000000 00:00 0                          [stack:4762]
7fb56d4df000-7fb56d4e3000 ---p 00000000 00:00 0 
7fb56d4e3000-7fb56d5e0000 rw-p 00000000 00:00 0 
7fb56d5e0000-7fb56d5e4000 ---p 00000000 00:00 0 
7fb56d5e4000-7fb56d6e1000 rw-p 00000000 00:00 0 
7fb56d6e1000-7fb56d6e5000 ---p 00000000 00:00 0 
7fb56d6e5000-7fb56d7e2000 rw-p 00000000 00:00 0 
7fb56d7e2000-7fb56d7e6000 ---p 00000000 00:00 0 
7fb56d7e6000-7fb56d8e3000 rw-p 00000000 00:00 0 
7fb56d8e3000-7fb56d8e7000 ---p 00000000 00:00 0 
7fb56d8e7000-7fb56dbe4000 rw-p 00000000 00:00 0 
7fb56dbe4000-7fb56dbe8000 ---p 00000000 00:00 0 
7fb56dbe8000-7fb56dce5000 rw-p 00000000 00:00 0                          [stack:4756]
7fb56dce5000-7fb56dce9000 ---p 00000000 00:00 0 
7fb56dce9000-7fb56dde6000 rw-p 00000000 00:00 0                          [stack:4753]
7fb56dde6000-7fb56ddea000 ---p 00000000 00:00 0 
7fb56ddea000-7fb56e0e7000 rw-p 00000000 00:00 0                          [stack:4752]
7fb56e0e7000-7fb56e2e7000 rw-p 00000000 00:00 0 
7fb56e2e7000-7fb56e4e7000 rw-p 00000000 00:00 0 
7fb56e4e7000-7fb56e4eb000 ---p 00000000 00:00 0 
7fb56e4eb000-7fb56e5e8000 rw-p 00000000 00:00 0                          [stack:4751]
7fb56e5e8000-7fb56e5ec000 ---p 00000000 00:00 0 
7fb56e5ec000-7fb56e8e9000 rw-p 00000000 00:00 0                          [stack:4747]
7fb56e8e9000-7fb56e8ed000 ---p 00000000 00:00 0 
7fb56e8ed000-7fb56ebea000 rw-p 00000000 00:00 0                          [stack:4744]
7fb56ebea000-7fb56edea000 rw-p 00000000 00:00 0 
7fb56edea000-7fb56efd6000 rw-p 00000000 00:00 0 
7fb56efd6000-7fb56efea000 ---p 00000000 00:00 0 
7fb56efea000-7fb56efeb000 ---p 00000000 00:00 0 
7fb56efeb000-7fb56f2eb000 rw-p 00000000 00:00 0                          [stack:4733]
7fb56f2eb000-7fb56f4eb000 rw-p 00000000 00:00 0 
7fb56f4eb000-7fb56f4ef000 ---p 00000000 00:00 0 
7fb56f4ef000-7fb56f7ec000 rw-p 00000000 00:00 0                          [stack:7435]
7fb56f7ec000-7fb56f7ed000 ---p 00000000 00:00 0 
7fb56f7ed000-7fb56f8ed000 rw-p 00000000 00:00 0                          [stack:4730]
7fb56f8ed000-7fb56f8ee000 ---p 00000000 00:00 0 
7fb56f8ee000-7fb56f9ee000 rw-p 00000000 00:00 0                          [stack:4729]
7fb56f9ee000-7fb56f9ef000 ---p 00000000 00:00 0 
7fb56f9ef000-7fb56faef000 rw-p 00000000 00:00 0                          [stack:4728]
7fb56faef000-7fb56faf0000 ---p 00000000 00:00 0 
7fb56faf0000-7fb56fdf0000 rw-p 00000000 00:00 0                          [stack:4727]
7fb56fdf0000-7fb56fdff000 r-xp 00000000 08:01 3678672                    /usr/lib64/libbz2.so.1.0.6
7fb56fdff000-7fb56fffe000 ---p 0000f000 08:01 3678672                    /usr/lib64/libbz2.so.1.0.6
7fb56fffe000-7fb56ffff000 r--p 0000e000 08:01 3678672                    /usr/lib64/libbz2.so.1.0.6
7fb56ffff000-7fb570000000 rw-p 0000f000 08:01 3678672                    /usr/lib64/libbz2.so.1.0.6
7fb570000000-7fb570105000 rw-p 00000000 00:00 0 
7fb570105000-7fb574000000 ---p 00000000 00:00 0 
7fb574000000-7fb574021000 rw-p 00000000 00:00 0 
7fb574021000-7fb578000000 ---p 00000000 00:00 0 
7fb578000000-7fb57817f000 rw-p 00000000 00:00 0 
7fb57817f000-7fb57c000000 ---p 00000000 00:00 0 
7fb57c000000-7fb57c021000 rw-p 00000000 00:00 0 
7fb57c021000-7fb580000000 ---p 00000000 00:00 0 
7fb580000000-7fb58039b000 rw-p 00000000 00:00 0 
7fb58039b000-7fb584000000 ---p 00000000 00:00 0 
7fb584000000-7fb584031000 rw-p 00000000 00:00 0 
7fb584031000-7fb588000000 ---p 00000000 00:00 0 
7fb588000000-7fb588021000 rw-p 00000000 00:00 0 
7fb588021000-7fb58c000000 ---p 00000000 00:00 0 
7fb58c100000-7fb58c101000 ---p 00000000 00:00 0 
7fb58c101000-7fb58c201000 rw-p 00000000 00:00 0                          [stack:4722]
7fb58c201000-7fb58c226000 r-xp 00000000 08:01 3671777                    /usr/lib64/liblzma.so.5.2.2
7fb58c226000-7fb58c425000 ---p 00025000 08:01 3671777                    /usr/lib64/liblzma.so.5.2.2
7fb58c425000-7fb58c426000 r--p 00024000 08:01 3671777                    /usr/lib64/liblzma.so.5.2.2
7fb58c426000-7fb58c427000 rw-p 00025000 08:01 3671777                    /usr/lib64/liblzma.so.5.2.2
7fb58c427000-7fb58c43e000 r-xp 00000000 08:01 3676622                    /usr/lib64/libelf-0.166.so
7fb58c43e000-7fb58c63d000 ---p 00017000 08:01 3676622                    /usr/lib64/libelf-0.166.so
7fb58c63d000-7fb58c63e000 r--p 00016000 08:01 3676622                    /usr/lib64/libelf-0.166.so
7fb58c63e000-7fb58c63f000 rw-p 00017000 08:01 3676622                    /usr/lib64/libelf-0.166.so
7fb58c63f000-7fb58c643000 r-xp 00000000 08:01 3678641                    /usr/lib64/libattr.so.1.1.0
7fb58c643000-7fb58c842000 ---p 00004000 08:01 3678641                    /usr/lib64/libattr.so.1.1.0
7fb58c842000-7fb58c843000 r--p 00003000 08:01 3678641                    /usr/lib64/libattr.so.1.1.0
7fb58c843000-7fb58c844000 rw-p 00004000 08:01 3678641                    /usr/lib64/libattr.so.1.1.0
7fb58c844000-7fb58c859000 r-xp 00000000 08:01 3676599                    /usr/lib64/libgcc_s-4.8.5-20150702.so.1
7fb58c859000-7fb58ca58000 ---p 00015000 08:01 3676599                    /usr/lib64/libgcc_s-4.8.5-20150702.so.1
7fb58ca58000-7fb58ca59000 r--p 00014000 08:01 3676599                    /usr/lib64/libgcc_s-4.8.5-20150702.so.1
7fb58ca59000-7fb58ca5a000 rw-p 00015000 08:01 3676599                    /usr/lib64/libgcc_s-4.8.5-20150702.so.1
7fb58ca5a000-7fb58ca9f000 r-xp 00000000 08:01 3677142                    /usr/lib64/libdw-0.166.so
7fb58ca9f000-7fb58cc9f000 ---p 00045000 08:01 3677142                    /usr/lib64/libdw-0.166.so
7fb58cc9f000-7fb58cca1000 r--p 00045000 08:01 3677142                    /usr/lib64/libdw-0.166.so
7fb58cca1000-7fb58cca2000 rw-p 00047000 08:01 3677142                    /usr/lib64/libdw-0.166.so
7fb58cca2000-7fb58cca6000 r-xp 00000000 08:01 3678248                    /usr/lib64/libcap.so.2.22
7fb58cca6000-7fb58cea5000 ---p 00004000 08:01 3678248                    /usr/lib64/libcap.so.2.22
7fb58cea5000-7fb58cea6000 r--p 00003000 08:01 3678248                    /usr/lib64/libcap.so.2.22
7fb58cea6000-7fb58cea7000 rw-p 00004000 08:01 3678248                    /usr/lib64/libcap.so.2.22
7fb58cea7000-7fb58cebd000 r-xp 00000000 08:01 3677788                    /usr/lib64/libresolv-2.17.so
7fb58cebd000-7fb58d0bd000 ---p 00016000 08:01 3677788                    /usr/lib64/libresolv-2.17.so
7fb58d0bd000-7fb58d0be000 r--p 00016000 08:01 3677788                    /usr/lib64/libresolv-2.17.so
7fb58d0be000-7fb58d0bf000 rw-p 00017000 08:01 3677788                    /usr/lib64/libresolv-2.17.so
7fb58d0bf000-7fb58d0c1000 rw-p 00000000 00:00 0 
7fb58d0c1000-7fb58d0c6000 r-xp 00000000 08:01 3671612                    /usr/lib64/libnss_dns-2.17.so
7fb58d0c6000-7fb58d2c5000 ---p 00005000 08:01 3671612                    /usr/lib64/libnss_dns-2.17.so
7fb58d2c5000-7fb58d2c6000 r--p 00004000 08:01 3671612                    /usr/lib64/libnss_dns-2.17.so
7fb58d2c6000-7fb58d2c7000 rw-p 00005000 08:01 3671612                    /usr/lib64/libnss_dns-2.17.so
7fb58d2c7000-7fb58d4c7000 rw-p 00000000 00:00 0 
7fb58d4c7000-7fb58d4cd000 r-xp 00000000 08:01 3423090                    /usr/java/jdk-11.0.2+9/lib/libmanagement_ext.so
7fb58d4cd000-7fb58d6cc000 ---p 00006000 08:01 3423090                    /usr/java/jdk-11.0.2+9/lib/libmanagement_ext.so
7fb58d6cc000-7fb58d6cd000 r--p 00005000 08:01 3423090                    /usr/java/jdk-11.0.2+9/lib/libmanagement_ext.so
7fb58d6cd000-7fb58d6ce000 rw-p 00006000 08:01 3423090                    /usr/java/jdk-11.0.2+9/lib/libmanagement_ext.so
7fb58d6ce000-7fb58d6d2000 r-xp 00000000 08:01 3423135                    /usr/java/jdk-11.0.2+9/lib/libmanagement.so
7fb58d6d2000-7fb58d8d2000 ---p 00004000 08:01 3423135                    /usr/java/jdk-11.0.2+9/lib/libmanagement.so
7fb58d8d2000-7fb58d8d3000 r--p 00004000 08:01 3423135                    /usr/java/jdk-11.0.2+9/lib/libmanagement.so
7fb58d8d3000-7fb58d8d4000 rw-p 00005000 08:01 3423135                    /usr/java/jdk-11.0.2+9/lib/libmanagement.so
7fb58d8d4000-7fb58d8d6000 r-xp 00000000 08:01 3423093                    /usr/java/jdk-11.0.2+9/lib/libextnet.so
7fb58d8d6000-7fb58dad5000 ---p 00002000 08:01 3423093                    /usr/java/jdk-11.0.2+9/lib/libextnet.so
7fb58dad5000-7fb58dad6000 r--p 00001000 08:01 3423093                    /usr/java/jdk-11.0.2+9/lib/libextnet.so
7fb58dad6000-7fb58dad7000 rw-p 00002000 08:01 3423093                    /usr/java/jdk-11.0.2+9/lib/libextnet.so
7fb58dad7000-7fb594000000 r--p 00000000 08:01 3415045                    /usr/lib/locale/locale-archive
7fb594000000-7fb594021000 rw-p 00000000 00:00 0 
7fb594021000-7fb598000000 ---p 00000000 00:00 0 
7fb598000000-7fb598021000 rw-p 00000000 00:00 0 
7fb598021000-7fb59c000000 ---p 00000000 00:00 0 
7fb59c000000-7fb59c021000 rw-p 00000000 00:00 0 
7fb59c021000-7fb5a0000000 ---p 00000000 00:00 0 
7fb5a0000000-7fb5a00f9000 rw-p 00000000 00:00 0 
7fb5a00f9000-7fb5a4000000 ---p 00000000 00:00 0 
7fb5a4000000-7fb5a4021000 rw-p 00000000 00:00 0 
7fb5a4021000-7fb5a8000000 ---p 00000000 00:00 0 
7fb5a8000000-7fb5a8021000 rw-p 00000000 00:00 0 
7fb5a8021000-7fb5ac000000 ---p 00000000 00:00 0 
7fb5ac000000-7fb5ac021000 rw-p 00000000 00:00 0 
7fb5ac021000-7fb5b0000000 ---p 00000000 00:00 0 
7fb5b0038000-7fb5b003c000 ---p 00000000 00:00 0 
7fb5b003c000-7fb5b0139000 rw-p 00000000 00:00 0                          [stack:4721]
7fb5b0139000-7fb5b013d000 ---p 00000000 00:00 0 
7fb5b013d000-7fb5b023a000 rw-p 00000000 00:00 0                          [stack:4716]
7fb5b023a000-7fb5b023e000 ---p 00000000 00:00 0 
7fb5b023e000-7fb5b033b000 rw-p 00000000 00:00 0                          [stack:4714]
7fb5b033b000-7fb5b0352000 r-xp 00000000 08:01 3423094                    /usr/java/jdk-11.0.2+9/lib/libnet.so
7fb5b0352000-7fb5b0551000 ---p 00017000 08:01 3423094                    /usr/java/jdk-11.0.2+9/lib/libnet.so
7fb5b0551000-7fb5b0552000 r--p 00016000 08:01 3423094                    /usr/java/jdk-11.0.2+9/lib/libnet.so
7fb5b0552000-7fb5b0553000 rw-p 00017000 08:01 3423094                    /usr/java/jdk-11.0.2+9/lib/libnet.so
7fb5b0553000-7fb5b0563000 r-xp 00000000 08:01 3423129                    /usr/java/jdk-11.0.2+9/lib/libnio.so
7fb5b0563000-7fb5b0762000 ---p 00010000 08:01 3423129                    /usr/java/jdk-11.0.2+9/lib/libnio.so
7fb5b0762000-7fb5b0763000 r--p 0000f000 08:01 3423129                    /usr/java/jdk-11.0.2+9/lib/libnio.so
7fb5b0763000-7fb5b0764000 rw-p 00010000 08:01 3423129                    /usr/java/jdk-11.0.2+9/lib/libnio.so
7fb5b0764000-7fb5b0768000 ---p 00000000 00:00 0 
7fb5b0768000-7fb5b0865000 rw-p 00000000 00:00 0 
7fb5b0865000-7fb5b0869000 ---p 00000000 00:00 0 
7fb5b0869000-7fb5b0966000 rw-p 00000000 00:00 0                          [stack:4706]
7fb5b0966000-7fb5b096a000 ---p 00000000 00:00 0 
7fb5b096a000-7fb5b0a67000 rw-p 00000000 00:00 0                          [stack:4835]
7fb5b0a67000-7fb5b0a6b000 ---p 00000000 00:00 0 
7fb5b0a6b000-7fb5b0b68000 rw-p 00000000 00:00 0                          [stack:4687]
7fb5b0b68000-7fb5b0b6c000 ---p 00000000 00:00 0 
7fb5b0b6c000-7fb5b0c69000 rw-p 00000000 00:00 0                          [stack:4686]
7fb5b0c69000-7fb5b0c6d000 ---p 00000000 00:00 0 
7fb5b0c6d000-7fb5b0d6a000 rw-p 00000000 00:00 0                          [stack:4684]
7fb5b0d6a000-7fb5b0d6e000 ---p 00000000 00:00 0 
7fb5b0d6e000-7fb5b0e6b000 rw-p 00000000 00:00 0                          [stack:4681]
7fb5b0e6b000-7fb5b0e6f000 ---p 00000000 00:00 0 
7fb5b0e6f000-7fb5b0f6c000 rw-p 00000000 00:00 0                          [stack:4680]
7fb5b0f6c000-7fb5b0f6d000 ---p 00000000 00:00 0 
7fb5b0f6d000-7fb5b186d000 rw-p 00000000 00:00 0                          [stack:4677]
7fb5b186d000-7fb5b186e000 ---p 00000000 00:00 0 
7fb5b186e000-7fb5b196e000 rw-p 00000000 00:00 0                          [stack:4674]
7fb5b196e000-7fb5b196f000 ---p 00000000 00:00 0 
7fb5b196f000-7fb5b4212000 rw-p 00000000 00:00 0                          [stack:4673]
7fb5b4212000-7fb5b7ae2000 ---p 00000000 00:00 0 
7fb5b7ae2000-7fb5b7f82000 rw-p 00000000 00:00 0 
7fb5b7f82000-7fb5bb852000 ---p 00000000 00:00 0 
7fb5bb852000-7fb5bb8e6000 rw-p 00000000 00:00 0 
7fb5bb8e6000-7fb5bc000000 ---p 00000000 00:00 0 
7fb5bc000000-7fb5bc021000 rw-p 00000000 00:00 0 
7fb5bc021000-7fb5c0000000 ---p 00000000 00:00 0 
7fb5c0058000-7fb5c026e000 rw-p 00000000 00:00 0 
7fb5c026e000-7fb5c0988000 ---p 00000000 00:00 0 
7fb5c0988000-7fb5c0bf8000 rwxp 00000000 00:00 0 
7fb5c0bf8000-7fb5c102f000 ---p 00000000 00:00 0 
7fb5c102f000-7fb5c17af000 rwxp 00000000 00:00 0 
7fb5c17af000-7fb5cf988000 ---p 00000000 00:00 0 
7fb5cf988000-7fb5d8000000 r--s 00000000 08:01 3423128                    /usr/java/jdk-11.0.2+9/lib/modules
7fb5d8000000-7fb5d8e77000 rw-p 00000000 00:00 0 
7fb5d8e77000-7fb5dc000000 ---p 00000000 00:00 0 
7fb5dc013000-7fb5dc06e000 rw-p 00000000 00:00 0 
7fb5dc06e000-7fb5dc06f000 ---p 00000000 00:00 0 
7fb5dc06f000-7fb5dc16f000 rw-p 00000000 00:00 0                          [stack:4672]
7fb5dc16f000-7fb5dc170000 ---p 00000000 00:00 0 
7fb5dc170000-7fb5dc304000 rw-p 00000000 00:00 0                          [stack:4670]
7fb5dc304000-7fb5dca1e000 ---p 00000000 00:00 0 
7fb5dca1e000-7fb5dce22000 rw-p 00000000 00:00 0 
7fb5dce22000-7fb5dce23000 ---p 00000000 00:00 0 
7fb5dce23000-7fb5dcf32000 rw-p 00000000 00:00 0                          [stack:4669]
7fb5dcf32000-7fb5dd0f6000 ---p 00000000 00:00 0 
7fb5dd0f6000-7fb5dd111000 r-xp 00000000 08:01 3423148                    /usr/java/jdk-11.0.2+9/lib/libjimage.so
7fb5dd111000-7fb5dd311000 ---p 0001b000 08:01 3423148                    /usr/java/jdk-11.0.2+9/lib/libjimage.so
7fb5dd311000-7fb5dd313000 r--p 0001b000 08:01 3423148                    /usr/java/jdk-11.0.2+9/lib/libjimage.so
7fb5dd313000-7fb5dd314000 rw-p 0001d000 08:01 3423148                    /usr/java/jdk-11.0.2+9/lib/libjimage.so
7fb5dd314000-7fb5dd31b000 r-xp 00000000 08:01 3423095                    /usr/java/jdk-11.0.2+9/lib/libzip.so
7fb5dd31b000-7fb5dd51a000 ---p 00007000 08:01 3423095                    /usr/java/jdk-11.0.2+9/lib/libzip.so
7fb5dd51a000-7fb5dd51b000 r--p 00006000 08:01 3423095                    /usr/java/jdk-11.0.2+9/lib/libzip.so
7fb5dd51b000-7fb5dd51c000 rw-p 00007000 08:01 3423095                    /usr/java/jdk-11.0.2+9/lib/libzip.so
7fb5dd51c000-7fb5dd528000 r-xp 00000000 08:01 3685348                    /usr/lib64/libnss_ldap.so.2
7fb5dd528000-7fb5dd727000 ---p 0000c000 08:01 3685348                    /usr/lib64/libnss_ldap.so.2
7fb5dd727000-7fb5dd728000 r--p 0000b000 08:01 3685348                    /usr/lib64/libnss_ldap.so.2
7fb5dd728000-7fb5dd729000 rw-p 0000c000 08:01 3685348                    /usr/lib64/libnss_ldap.so.2
7fb5dd729000-7fb5dd735000 r-xp 00000000 08:01 3678421                    /usr/lib64/libnss_files-2.17.so
7fb5dd735000-7fb5dd934000 ---p 0000c000 08:01 3678421                    /usr/lib64/libnss_files-2.17.so
7fb5dd934000-7fb5dd935000 r--p 0000b000 08:01 3678421                    /usr/lib64/libnss_files-2.17.so
7fb5dd935000-7fb5dd936000 rw-p 0000c000 08:01 3678421                    /usr/lib64/libnss_files-2.17.so
7fb5dd936000-7fb5dd93c000 rw-p 00000000 00:00 0 
7fb5dd93c000-7fb5dd946000 r-xp 00000000 08:01 3423133                    /usr/java/jdk-11.0.2+9/lib/libinstrument.so
7fb5dd946000-7fb5ddb45000 ---p 0000a000 08:01 3423133                    /usr/java/jdk-11.0.2+9/lib/libinstrument.so
7fb5ddb45000-7fb5ddb46000 r--p 00009000 08:01 3423133                    /usr/java/jdk-11.0.2+9/lib/libinstrument.so
7fb5ddb46000-7fb5ddb47000 rw-p 0000a000 08:01 3423133                    /usr/java/jdk-11.0.2+9/lib/libinstrument.so
7fb5ddb47000-7fb5ddb70000 r-xp 00000000 08:01 3423123                    /usr/java/jdk-11.0.2+9/lib/libjava.so
7fb5ddb70000-7fb5ddd70000 ---p 00029000 08:01 3423123                    /usr/java/jdk-11.0.2+9/lib/libjava.so
7fb5ddd70000-7fb5ddd71000 r--p 00029000 08:01 3423123                    /usr/java/jdk-11.0.2+9/lib/libjava.so
7fb5ddd71000-7fb5ddd73000 rw-p 0002a000 08:01 3423123                    /usr/java/jdk-11.0.2+9/lib/libjava.so
7fb5ddd73000-7fb5ddd84000 r-xp 00000000 08:01 3423116                    /usr/java/jdk-11.0.2+9/lib/libverify.so
7fb5ddd84000-7fb5ddf83000 ---p 00011000 08:01 3423116                    /usr/java/jdk-11.0.2+9/lib/libverify.so
7fb5ddf83000-7fb5ddf85000 r--p 00010000 08:01 3423116                    /usr/java/jdk-11.0.2+9/lib/libverify.so
7fb5ddf85000-7fb5ddf86000 rw-p 00012000 08:01 3423116                    /usr/java/jdk-11.0.2+9/lib/libverify.so
7fb5ddf86000-7fb5ddf8d000 r-xp 00000000 08:01 3677675                    /usr/lib64/librt-2.17.so
7fb5ddf8d000-7fb5de18c000 ---p 00007000 08:01 3677675                    /usr/lib64/librt-2.17.so
7fb5de18c000-7fb5de18d000 r--p 00006000 08:01 3677675                    /usr/lib64/librt-2.17.so
7fb5de18d000-7fb5de18e000 rw-p 00007000 08:01 3677675                    /usr/lib64/librt-2.17.so
7fb5de18e000-7fb5de28f000 r-xp 00000000 08:01 3676284                    /usr/lib64/libm-2.17.so
7fb5de28f000-7fb5de48e000 ---p 00101000 08:01 3676284                    /usr/lib64/libm-2.17.so
7fb5de48e000-7fb5de48f000 r--p 00100000 08:01 3676284                    /usr/lib64/libm-2.17.so
7fb5de48f000-7fb5de490000 rw-p 00101000 08:01 3676284                    /usr/lib64/libm-2.17.so
7fb5de490000-7fb5df562000 r-xp 00000000 08:01 3423120                    /usr/java/jdk-11.0.2+9/lib/server/libjvm.so
7fb5df562000-7fb5df761000 ---p 010d2000 08:01 3423120                    /usr/java/jdk-11.0.2+9/lib/server/libjvm.so
7fb5df761000-7fb5df81f000 r--p 010d1000 08:01 3423120                    /usr/java/jdk-11.0.2+9/lib/server/libjvm.so
7fb5df81f000-7fb5df858000 rw-p 0118f000 08:01 3423120                    /usr/java/jdk-11.0.2+9/lib/server/libjvm.so
7fb5df858000-7fb5df8ab000 rw-p 00000000 00:00 0 
7fb5df8ab000-7fb5dfa63000 r-xp 00000000 08:01 3677923                    /usr/lib64/libc-2.17.so
7fb5dfa63000-7fb5dfc63000 ---p 001b8000 08:01 3677923                    /usr/lib64/libc-2.17.so
7fb5dfc63000-7fb5dfc67000 r--p 001b8000 08:01 3677923                    /usr/lib64/libc-2.17.so
7fb5dfc67000-7fb5dfc69000 rw-p 001bc000 08:01 3677923                    /usr/lib64/libc-2.17.so
7fb5dfc69000-7fb5dfc6e000 rw-p 00000000 00:00 0 
7fb5dfc6e000-7fb5dfc70000 r-xp 00000000 08:01 3676675                    /usr/lib64/libdl-2.17.so
7fb5dfc70000-7fb5dfe70000 ---p 00002000 08:01 3676675                    /usr/lib64/libdl-2.17.so
7fb5dfe70000-7fb5dfe71000 r--p 00002000 08:01 3676675                    /usr/lib64/libdl-2.17.so
7fb5dfe71000-7fb5dfe72000 rw-p 00003000 08:01 3676675                    /usr/lib64/libdl-2.17.so
7fb5dfe72000-7fb5dfe82000 r-xp 00000000 08:01 3423139                    /usr/java/jdk-11.0.2+9/lib/jli/libjli.so
7fb5dfe82000-7fb5e0081000 ---p 00010000 08:01 3423139                    /usr/java/jdk-11.0.2+9/lib/jli/libjli.so
7fb5e0081000-7fb5e0082000 r--p 0000f000 08:01 3423139                    /usr/java/jdk-11.0.2+9/lib/jli/libjli.so
7fb5e0082000-7fb5e0083000 rw-p 00010000 08:01 3423139                    /usr/java/jdk-11.0.2+9/lib/jli/libjli.so
7fb5e0083000-7fb5e009a000 r-xp 00000000 08:01 3677143                    /usr/lib64/libpthread-2.17.so
7fb5e009a000-7fb5e0299000 ---p 00017000 08:01 3677143                    /usr/lib64/libpthread-2.17.so
7fb5e0299000-7fb5e029a000 r--p 00016000 08:01 3677143                    /usr/lib64/libpthread-2.17.so
7fb5e029a000-7fb5e029b000 rw-p 00017000 08:01 3677143                    /usr/lib64/libpthread-2.17.so
7fb5e029b000-7fb5e029f000 rw-p 00000000 00:00 0 
7fb5e029f000-7fb5e02b4000 r-xp 00000000 08:01 3676724                    /usr/lib64/libz.so.1.2.7
7fb5e02b4000-7fb5e04b3000 ---p 00015000 08:01 3676724                    /usr/lib64/libz.so.1.2.7
7fb5e04b3000-7fb5e04b4000 r--p 00014000 08:01 3676724                    /usr/lib64/libz.so.1.2.7
7fb5e04b4000-7fb5e04b5000 rw-p 00015000 08:01 3676724                    /usr/lib64/libz.so.1.2.7
7fb5e04b5000-7fb5e04d6000 r-xp 00000000 08:01 3676319                    /usr/lib64/ld-2.17.so
7fb5e04d9000-7fb5e0501000 r--p 00000000 08:01 4459311                    /usr/share/locale/ja/LC_MESSAGES/libc.mo
7fb5e0501000-7fb5e050e000 r-xp 00000000 08:01 3678420                    /usr/lib64/libnss_myhostname.so.2
7fb5e050e000-7fb5e0511000 r--p 0000c000 08:01 3678420                    /usr/lib64/libnss_myhostname.so.2
7fb5e0511000-7fb5e0512000 rw-p 0000f000 08:01 3678420                    /usr/lib64/libnss_myhostname.so.2
7fb5e0528000-7fb5e05b0000 rw-p 00000000 00:00 0 
7fb5e05b0000-7fb5e05b9000 ---p 00000000 00:00 0 
7fb5e05b9000-7fb5e05bd000 ---p 00000000 00:00 0 
7fb5e05bd000-7fb5e06bf000 rw-p 00000000 00:00 0                          [stack:4668]
7fb5e06c3000-7fb5e06c4000 rw-p 00000000 00:00 0 
7fb5e06c4000-7fb5e06cb000 r--s 00000000 08:01 3808734                    /usr/lib64/gconv/gconv-modules.cache
7fb5e06cb000-7fb5e06d3000 rw-s 00000000 08:01 2363441                    /tmp/hsperfdata_b2170750/4667
7fb5e06d3000-7fb5e06d4000 ---p 00000000 00:00 0 
7fb5e06d4000-7fb5e06d5000 r--p 00000000 00:00 0 
7fb5e06d5000-7fb5e06d6000 rw-p 00000000 00:00 0 
7fb5e06d6000-7fb5e06d7000 r--p 00021000 08:01 3676319                    /usr/lib64/ld-2.17.so
7fb5e06d7000-7fb5e06d8000 rw-p 00022000 08:01 3676319                    /usr/lib64/ld-2.17.so
7fb5e06d8000-7fb5e06d9000 rw-p 00000000 00:00 0 
7fff41bc7000-7fff41be9000 rw-p 00000000 00:00 0                          [stack]
7fff41bf6000-7fff41bf8000 r-xp 00000000 00:00 0                          [vdso]
ffffffffff600000-ffffffffff601000 r-xp 00000000 00:00 0                  [vsyscall]


VM Arguments:
jvm_args: -XX:TieredStopAtLevel=1 -Xverify:none -Dspring.output.ansi.enabled=always -Dcom.sun.management.jmxremote -Dspring.liveBeansView.mbeanDomain -Dspring.application.admin.enabled=true -javaagent:/usr/local/idea-IU-183.5429.30/lib/idea_rt.jar=35234:/usr/local/idea-IU-183.5429.30/bin -Dfile.encoding=UTF-8 
java_command: com.example.wsp.spring.WspSpringApplication
java_class_path (initial): /home/b2017/b2170750/webシステムプログラミング/wsp-spring/target/classes:/home/b2017/b2170750/.m2/repository/org/springframework/boot/spring-boot-starter-jdbc/2.1.9.RELEASE/spring-boot-starter-jdbc-2.1.9.RELEASE.jar:/home/b2017/b2170750/.m2/repository/org/springframework/boot/spring-boot-starter/2.1.9.RELEASE/spring-boot-starter-2.1.9.RELEASE.jar:/home/b2017/b2170750/.m2/repository/org/springframework/boot/spring-boot/2.1.9.RELEASE/spring-boot-2.1.9.RELEASE.jar:/home/b2017/b2170750/.m2/repository/org/springframework/boot/spring-boot-autoconfigure/2.1.9.RELEASE/spring-boot-autoconfigure-2.1.9.RELEASE.jar:/home/b2017/b2170750/.m2/repository/org/springframework/boot/spring-boot-starter-logging/2.1.9.RELEASE/spring-boot-starter-logging-2.1.9.RELEASE.jar:/home/b2017/b2170750/.m2/repository/ch/qos/logback/logback-classic/1.2.3/logback-classic-1.2.3.jar:/home/b2017/b2170750/.m2/repository/ch/qos/logback/logback-core/1.2.3/logback-core-1.2.3.jar:/home/b2017/b2170750/.m2/repository/org/apache/logging/log4j/log4j-to-slf4j/2.11.2/log4j-to-slf4j-2.11.2.jar:/home/b2017/b2170750/.m2/repository/org/apache/logging/log4j/log4j-api/2.11.2/log4j-api-2.11.2.jar:/home/b2017/b2170750/.m2/repository/org/slf4j/jul-to-slf4j/1.7.28/jul-to-slf4j-1.7.28.jar:/home/b2017/b2170750/.m2/repository/javax/annotation/javax.annotation-api/1.3.2/javax.annotation-api-1.3.2.jar:/home/b2017/b2170750/.m2/repository/org/yaml/snakeyaml/1.23/snakeyaml-1.23.jar:/home/b2017/b2170750/.m2/repository/com/zaxxer/HikariCP/3.2.0/HikariCP-3.2.0.jar:/home/b2017/b2170750/.m2/repository/org/slf4j/slf4j-api/1.7.28/slf4j-api-1.7.28.jar:/home/b2017/b2170750/.m2/repository/org/springframework/spring-jdbc/5.1.10.RELEASE/spring-jdbc-5.1.10.RELEASE.jar:/home/b2017/b2170750/.m2/repository/org/springframework/spring-beans/5.1.10.RELEASE/spring-beans-5.1.10.RELEASE.jar:/home/b2017/b2170750/.m2/repository/org/springframework/spring-tx/5.1.10.RELEASE/spring-tx-5.1.10.RELEASE.jar:/home/b2017/b21
Launcher Type: SUN_STANDARD

[Global flags]
     bool BytecodeVerificationLocal                = false                                     {product} {command line}
     bool BytecodeVerificationRemote               = false                                     {product} {command line}
     intx CICompilerCount                          = 3                                         {product} {ergonomic}
     uint ConcGCThreads                            = 1                                         {product} {ergonomic}
     uint G1ConcRefinementThreads                  = 4                                         {product} {ergonomic}
   size_t G1HeapRegionSize                         = 1048576                                   {product} {ergonomic}
    uintx GCDrainStackTargetSize                   = 64                                        {product} {ergonomic}
   size_t InitialHeapSize                          = 257949696                                 {product} {ergonomic}
     bool ManagementServer                         = true                                      {product} {command line}
   size_t MarkStackSize                            = 4194304                                   {product} {ergonomic}
   size_t MaxHeapSize                              = 4123000832                                {product} {ergonomic}
   size_t MaxNewSize                               = 2473590784                                {product} {ergonomic}
   size_t MinHeapDeltaBytes                        = 1048576                                   {product} {ergonomic}
    uintx NonNMethodCodeHeapSize                   = 6973028                                {pd product} {ergonomic}
    uintx NonProfiledCodeHeapSize                  = 244685212                              {pd product} {ergonomic}
    uintx ProfiledCodeHeapSize                     = 0                                      {pd product} {ergonomic}
    uintx ReservedCodeCacheSize                    = 251658240                              {pd product} {ergonomic}
     bool SegmentedCodeCache                       = true                                      {product} {ergonomic}
     intx TieredStopAtLevel                        = 1                                         {product} {command line}
     bool UseCompressedClassPointers               = true                                 {lp64_product} {ergonomic}
     bool UseCompressedOops                        = true                                 {lp64_product} {ergonomic}
     bool UseG1GC                                  = true                                      {product} {ergonomic}

Logging:
Log output configuration:
 #0: stdout all=warning uptime,level,tags
 #1: stderr all=off uptime,level,tags

Environment Variables:
JAVA_HOME=/usr/java/default
CLASSPATH=/usr/local/intelliJ/lib/bootstrap.jar:/usr/local/intelliJ/lib/extensions.jar:/usr/local/intelliJ/lib/util.jar:/usr/local/intelliJ/lib/jdom.jar:/usr/local/intelliJ/lib/log4j.jar:/usr/local/intelliJ/lib/trove4j.jar:/usr/local/intelliJ/lib/jna.jar:/usr/local/intelliJ/jre64/lib/tools.jar
PATH=/usr/local/bin:/usr/local/sbin:/usr/bin:/usr/sbin:/bin:/sbin:/usr/java/default/bin:/opt/apache-maven/bin:/usr/local/texlive/2017/bin/x86_64-linux
USERNAME=b2170750
SHELL=/bin/tcsh
DISPLAY=:0
HOSTTYPE=x86_64-linux
OSTYPE=linux
MACHTYPE=x86_64

Signal Handlers:
SIGSEGV: [libjvm.so+0xe1b7f0], sa_mask[0]=11111111011111111101111111111110, sa_flags=SA_RESTART|SA_SIGINFO
SIGBUS: [libjvm.so+0xe1b7f0], sa_mask[0]=11111111011111111101111111111110, sa_flags=SA_RESTART|SA_SIGINFO
SIGFPE: [libjvm.so+0xe1b7f0], sa_mask[0]=11111111011111111101111111111110, sa_flags=SA_RESTART|SA_SIGINFO
SIGPIPE: [libjvm.so+0xbef880], sa_mask[0]=11111111011111111101111111111110, sa_flags=SA_RESTART|SA_SIGINFO
SIGXFSZ: [libjvm.so+0xbef880], sa_mask[0]=11111111011111111101111111111110, sa_flags=SA_RESTART|SA_SIGINFO
SIGILL: [libjvm.so+0xe1b7f0], sa_mask[0]=11111111011111111101111111111110, sa_flags=SA_RESTART|SA_SIGINFO
SIGUSR2: [libjvm.so+0xbef720], sa_mask[0]=00100000000000000000000000000000, sa_flags=SA_RESTART|SA_SIGINFO
SIGHUP: [libjvm.so+0xbefa80], sa_mask[0]=11111111011111111101111111111110, sa_flags=SA_RESTART|SA_SIGINFO
SIGINT: [libjvm.so+0xbefa80], sa_mask[0]=11111111011111111101111111111110, sa_flags=SA_RESTART|SA_SIGINFO
SIGTERM: [libjvm.so+0xbefa80], sa_mask[0]=11111111011111111101111111111110, sa_flags=SA_RESTART|SA_SIGINFO
SIGQUIT: [libjvm.so+0xbefa80], sa_mask[0]=11111111011111111101111111111110, sa_flags=SA_RESTART|SA_SIGINFO


---------------  S Y S T E M  ---------------

OS:CentOS Linux release 7.3.1611 (Core) 
uname:Linux 3.10.0-514.el7.x86_64 #1 SMP Tue Nov 22 16:42:41 UTC 2016 x86_64
libc:glibc 2.17 NPTL 2.17 
rlimit: STACK 8192k, CORE 0k, NPROC 4096, NOFILE 4096, AS infinity, DATA infinity, FSIZE infinity
load average:0.20 0.11 0.20

/proc/meminfo:
MemTotal:       16103416 kB
MemFree:         9892976 kB
MemAvailable:   11526168 kB
Buffers:          190600 kB
Cached:          1767516 kB
SwapCached:            0 kB
Active:          4471564 kB
Inactive:        1342072 kB
Active(anon):    3856480 kB
Inactive(anon):   140708 kB
Active(file):     615084 kB
Inactive(file):  1201364 kB
Unevictable:          48 kB
Mlocked:              48 kB
SwapTotal:             0 kB
SwapFree:              0 kB
Dirty:               164 kB
Writeback:             0 kB
AnonPages:       3853592 kB
Mapped:           405172 kB
Shmem:            141596 kB
Slab:             187048 kB
SReclaimable:     145048 kB
SUnreclaim:        42000 kB
KernelStack:       14576 kB
PageTables:        61724 kB
NFS_Unstable:          0 kB
Bounce:                0 kB
WritebackTmp:          0 kB
CommitLimit:     8051708 kB
Committed_AS:   10740768 kB
VmallocTotal:   34359738367 kB
VmallocUsed:      162524 kB
VmallocChunk:   34359341052 kB
HardwareCorrupted:     0 kB
AnonHugePages:   2502656 kB
HugePages_Total:       0
HugePages_Free:        0
HugePages_Rsvd:        0
HugePages_Surp:        0
Hugepagesize:       2048 kB
DirectMap4k:      142292 kB
DirectMap2M:     3887104 kB
DirectMap1G:    12582912 kB


/proc/sys/kernel/threads-max (system-wide limit on the number of threads):
125507


/proc/sys/vm/max_map_count (maximum number of memory map areas a process may have):
65530


/proc/sys/kernel/pid_max (system-wide limit on number of process identifiers):
32768



container (cgroup) information:
container_type: cgroupv1
cpu_cpuset_cpus: 0-3
cpu_memory_nodes: 0
active_processor_count: 4
cpu_quota: -1
cpu_period: 100000
cpu_shares: -1
memory_limit_in_bytes: -1
memory_and_swap_limit_in_bytes: -1
memory_soft_limit_in_bytes: -1
memory_usage_in_bytes: 5953318912
memory_max_usage_in_bytes: 0


CPU:total 4 (initial active 4) (4 cores per cpu, 1 threads per core) family 6 model 158 stepping 9, cmov, cx8, fxsr, mmx, sse, sse2, sse3, ssse3, sse4.1, sse4.2, popcnt, avx, avx2, aes, clmul, erms, rtm, 3dnowpref, lzcnt, tsc, tscinvbit, bmi1, bmi2, adx, fma
CPU Model and flags from /proc/cpuinfo:
model name	: Intel(R) Core(TM) i5-7500T CPU @ 2.70GHz
flags		: fpu vme de pse tsc msr pae mce cx8 apic sep mtrr pge mca cmov pat pse36 clflush dts acpi mmx fxsr sse sse2 ss ht tm pbe syscall nx pdpe1gb rdtscp lm constant_tsc art arch_perfmon pebs bts rep_good nopl xtopology nonstop_tsc aperfmperf eagerfpu pni pclmulqdq dtes64 monitor ds_cpl vmx smx est tm2 ssse3 fma cx16 xtpr pdcm pcid sse4_1 sse4_2 x2apic movbe popcnt tsc_deadline_timer aes xsave avx f16c rdrand lahf_lm abm 3dnowprefetch ida arat epb pln pts dtherm hwp hwp_noitfy hwp_act_window hwp_epp intel_pt tpr_shadow vnmi flexpriority ept vpid fsgsbase tsc_adjust bmi1 hle avx2 smep bmi2 erms invpcid rtm mpx rdseed adx smap clflushopt xsaveopt xsavec xgetbv1

Memory: 4k page, physical 16103416k(9892968k free), swap 0k(0k free)

vm_info: OpenJDK 64-Bit Server VM (11.0.2+9) for linux-amd64 JRE (11.0.2+9), built on Jan 28 2019 15:50:01 by "jenkins" with gcc 7.3.1 20180303 (Red Hat 7.3.1-5)

END.
